{"level":"info","message":"Auth service runnning at 3000","service":"Api-gateway","timestamp":"2026-03-17T14:43:20.361Z"}
{"level":"info","message":"Auth service runnning at 3000","service":"Api-gateway","timestamp":"2026-03-17T14:43:22.871Z"}
{"level":"info","message":"Auth service runnning at 3000","service":"Api-gateway","timestamp":"2026-03-17T14:49:14.745Z"}
{"level":"info","message":"Auth service runnning at 3000","service":"Api-gateway","timestamp":"2026-03-17T14:49:29.125Z"}
{"level":"info","message":"Auth service runnning at 3000","service":"Api-gateway","timestamp":"2026-03-17T14:56:55.500Z"}
{"level":"info","message":"Auth service runnning at 3000","service":"Api-gateway","timestamp":"2026-04-11T09:48:53.043Z"}
{"level":"info","message":"API Gateway running at: 3000","service":"Api-gateway","timestamp":"2026-04-24T18:30:14.199Z"}
{"level":"info","message":"Redis connected","service":"Api-gateway","timestamp":"2026-04-24T18:30:14.270Z"}
{"level":"info","message":"API Gateway running at: 3000","service":"Api-gateway","timestamp":"2026-04-24T18:30:16.971Z"}
{"level":"info","message":"Redis connected","service":"Api-gateway","timestamp":"2026-04-24T18:30:16.994Z"}
{"ip":"::1","level":"info","message":"Incoming request","method":"GET","service":"Api-gateway","timestamp":"2026-04-24T18:31:34.202Z","url":"/api/products/251f9117-9ff2-469f-aff4-6fc8c4fb8af5"}
{"level":"error","message":"Token expired","method":"GET","path":"/api/products/251f9117-9ff2-469f-aff4-6fc8c4fb8af5","service":"Api-gateway","stack":"Error: Token expired\n    at authenticate (file:///Users/faizan/ecommerce-microservices/api-gateway/dist/middlewares/auth.js:19:25)\n    at optionalAuth (file:///Users/faizan/ecommerce-microservices/api-gateway/dist/routes/proxyRoutes.js:25:12)\n    at Layer.handleRequest (/Users/faizan/ecommerce-microservices/api-gateway/node_modules/router/lib/layer.js:152:17)\n    at trimPrefix (/Users/faizan/ecommerce-microservices/api-gateway/node_modules/router/index.js:342:13)\n    at /Users/faizan/ecommerce-microservices/api-gateway/node_modules/router/index.js:297:9\n    at processParams (/Users/faizan/ecommerce-microservices/api-gateway/node_modules/router/index.js:582:12)\n    at next (/Users/faizan/ecommerce-microservices/api-gateway/node_modules/router/index.js:291:5)\n    at Function.handle (/Users/faizan/ecommerce-microservices/api-gateway/node_modules/router/index.js:186:3)\n    at router (/Users/faizan/ecommerce-microservices/api-gateway/node_modules/router/index.js:60:12)\n    at Layer.handleRequest (/Users/faizan/ecommerce-microservices/api-gateway/node_modules/router/lib/layer.js:152:17)","statusCode":401,"timestamp":"2026-04-24T18:31:34.209Z"}
{"ip":"::1","level":"info","message":"Incoming request","method":"POST","service":"Api-gateway","timestamp":"2026-04-24T18:31:40.873Z","url":"/api/auth/login"}
{"level":"info","message":"Proxy Response","method":"POST","path":"/api/auth/login","service":"Api-gateway","status":200,"timestamp":"2026-04-24T18:31:46.294Z"}
{"ip":"::1","level":"info","message":"Incoming request","method":"GET","service":"Api-gateway","timestamp":"2026-04-24T18:32:07.102Z","url":"/api/products/251f9117-9ff2-469f-aff4-6fc8c4fb8af5"}
{"level":"info","message":"Proxy Response","method":"GET","path":"/api/products/251f9117-9ff2-469f-aff4-6fc8c4fb8af5","service":"Api-gateway","status":200,"timestamp":"2026-04-24T18:32:15.973Z"}
{"ip":"::1","level":"info","message":"Incoming request","method":"GET","service":"Api-gateway","timestamp":"2026-04-24T18:32:24.972Z","url":"/api/products/251f9117-9ff2-469f-aff4-6fc8c4fb8af5"}
{"level":"info","message":"Proxy Response","method":"GET","path":"/api/products/251f9117-9ff2-469f-aff4-6fc8c4fb8af5","service":"Api-gateway","status":200,"timestamp":"2026-04-24T18:32:24.983Z"}
{"ip":"::1","level":"info","message":"Incoming request","method":"POST","service":"Api-gateway","timestamp":"2026-04-24T18:32:46.022Z","url":"/api/products"}
{"level":"error","message":"Token expired","method":"POST","path":"/api/products","service":"Api-gateway","stack":"Error: Token expired\n    at authenticate (file:///Users/faizan/ecommerce-microservices/api-gateway/dist/middlewares/auth.js:19:25)\n    at optionalAuth (file:///Users/faizan/ecommerce-microservices/api-gateway/dist/routes/proxyRoutes.js:25:12)\n    at Layer.handleRequest (/Users/faizan/ecommerce-microservices/api-gateway/node_modules/router/lib/layer.js:152:17)\n    at trimPrefix (/Users/faizan/ecommerce-microservices/api-gateway/node_modules/router/index.js:342:13)\n    at /Users/faizan/ecommerce-microservices/api-gateway/node_modules/router/index.js:297:9\n    at processParams (/Users/faizan/ecommerce-microservices/api-gateway/node_modules/router/index.js:582:12)\n    at next (/Users/faizan/ecommerce-microservices/api-gateway/node_modules/router/index.js:291:5)\n    at Function.handle (/Users/faizan/ecommerce-microservices/api-gateway/node_modules/router/index.js:186:3)\n    at router (/Users/faizan/ecommerce-microservices/api-gateway/node_modules/router/index.js:60:12)\n    at Layer.handleRequest (/Users/faizan/ecommerce-microservices/api-gateway/node_modules/router/lib/layer.js:152:17)","statusCode":401,"timestamp":"2026-04-24T18:32:46.030Z"}
{"ip":"::1","level":"info","message":"Incoming request","method":"POST","service":"Api-gateway","timestamp":"2026-04-24T18:32:59.222Z","url":"/api/products"}
{"level":"info","message":"Proxy Response","method":"POST","path":"/api/products","service":"Api-gateway","status":409,"timestamp":"2026-04-24T18:33:04.534Z"}
{"ip":"::1","level":"info","message":"Incoming request","method":"POST","service":"Api-gateway","timestamp":"2026-04-24T18:33:37.773Z","url":"/api/products"}
{"level":"info","message":"Proxy Response","method":"POST","path":"/api/products","service":"Api-gateway","status":201,"timestamp":"2026-04-24T18:33:44.922Z"}
{"ip":"::1","level":"info","message":"Incoming request","method":"GET","service":"Api-gateway","timestamp":"2026-04-24T18:33:56.606Z","url":"/api/products/251f9117-9ff2-469f-aff4-6fc8c4fb8af5"}
{"level":"info","message":"Proxy Response","method":"GET","path":"/api/products/251f9117-9ff2-469f-aff4-6fc8c4fb8af5","service":"Api-gateway","status":200,"timestamp":"2026-04-24T18:33:56.616Z"}
{"ip":"::1","level":"info","message":"Incoming request","method":"GET","service":"Api-gateway","timestamp":"2026-04-24T18:34:26.797Z","url":"/api/products/86a975a3-9ce5-472f-a282-d3225a5b7671"}
{"level":"info","message":"Proxy Response","method":"GET","path":"/api/products/86a975a3-9ce5-472f-a282-d3225a5b7671","service":"Api-gateway","status":200,"timestamp":"2026-04-24T18:34:33.506Z"}
{"level":"info","message":"Received SIGINT. Shutting down API Gateway...","service":"Api-gateway","timestamp":"2026-04-25T06:13:22.482Z"}
{"level":"info","message":"API Gateway running at: 3000","service":"Api-gateway","timestamp":"2026-04-25T11:58:20.029Z"}
{"level":"info","message":"Redis connected","service":"Api-gateway","timestamp":"2026-04-25T11:58:20.069Z"}
{"level":"info","message":"API Gateway running at: 3000","service":"Api-gateway","timestamp":"2026-04-25T11:58:23.474Z"}
{"level":"info","message":"Redis connected","service":"Api-gateway","timestamp":"2026-04-25T11:58:23.487Z"}
{"ip":"::1","level":"info","message":"Incoming request","method":"POST","service":"Api-gateway","timestamp":"2026-04-25T11:58:34.701Z","url":"/api/auth/login"}
{"level":"info","message":"Proxy Response","method":"POST","path":"/api/auth/login","service":"Api-gateway","status":200,"timestamp":"2026-04-25T11:58:38.636Z"}
{"ip":"::1","level":"info","message":"Incoming request","method":"POST","service":"Api-gateway","timestamp":"2026-04-25T12:00:47.124Z","url":"/api/products"}
{"level":"info","message":"Proxy Response","method":"POST","path":"/api/products","service":"Api-gateway","status":201,"timestamp":"2026-04-25T12:00:56.057Z"}
{"ip":"::1","level":"info","message":"Incoming request","method":"GET","service":"Api-gateway","timestamp":"2026-04-25T12:01:53.427Z","url":"/api/products/86a975a3-9ce5-472f-a282-d3225a5b7671"}
{"level":"error","message":"Token expired","method":"GET","path":"/api/products/86a975a3-9ce5-472f-a282-d3225a5b7671","service":"Api-gateway","stack":"Error: Token expired\n    at authenticate (file:///Users/faizan/ecommerce-microservices/api-gateway/dist/middlewares/auth.js:19:25)\n    at optionalAuth (file:///Users/faizan/ecommerce-microservices/api-gateway/dist/routes/proxyRoutes.js:25:12)\n    at Layer.handleRequest (/Users/faizan/ecommerce-microservices/api-gateway/node_modules/router/lib/layer.js:152:17)\n    at trimPrefix (/Users/faizan/ecommerce-microservices/api-gateway/node_modules/router/index.js:342:13)\n    at /Users/faizan/ecommerce-microservices/api-gateway/node_modules/router/index.js:297:9\n    at processParams (/Users/faizan/ecommerce-microservices/api-gateway/node_modules/router/index.js:582:12)\n    at next (/Users/faizan/ecommerce-microservices/api-gateway/node_modules/router/index.js:291:5)\n    at Function.handle (/Users/faizan/ecommerce-microservices/api-gateway/node_modules/router/index.js:186:3)\n    at router (/Users/faizan/ecommerce-microservices/api-gateway/node_modules/router/index.js:60:12)\n    at Layer.handleRequest (/Users/faizan/ecommerce-microservices/api-gateway/node_modules/router/lib/layer.js:152:17)","statusCode":401,"timestamp":"2026-04-25T12:01:53.431Z"}
{"ip":"::1","level":"info","message":"Incoming request","method":"GET","service":"Api-gateway","timestamp":"2026-04-25T12:02:15.992Z","url":"/api/products/86a975a3-9ce5-472f-a282-d3225a5b7671"}
{"level":"info","message":"Proxy Response","method":"GET","path":"/api/products/86a975a3-9ce5-472f-a282-d3225a5b7671","service":"Api-gateway","status":200,"timestamp":"2026-04-25T12:02:21.560Z"}
{"ip":"::1","level":"info","message":"Incoming request","method":"GET","service":"Api-gateway","timestamp":"2026-04-25T12:02:28.973Z","url":"/api/products/86a975a3-9ce5-472f-a282-d3225a5b7671"}
{"level":"info","message":"Proxy Response","method":"GET","path":"/api/products/86a975a3-9ce5-472f-a282-d3225a5b7671","service":"Api-gateway","status":200,"timestamp":"2026-04-25T12:02:28.985Z"}
{"ip":"::1","level":"info","message":"Incoming request","method":"GET","service":"Api-gateway","timestamp":"2026-04-25T12:02:30.615Z","url":"/api/products/86a975a3-9ce5-472f-a282-d3225a5b7671"}
{"level":"info","message":"Proxy Response","method":"GET","path":"/api/products/86a975a3-9ce5-472f-a282-d3225a5b7671","service":"Api-gateway","status":200,"timestamp":"2026-04-25T12:02:30.621Z"}
{"ip":"::1","level":"info","message":"Incoming request","method":"GET","service":"Api-gateway","timestamp":"2026-04-25T12:02:31.794Z","url":"/api/products/86a975a3-9ce5-472f-a282-d3225a5b7671"}
{"level":"info","message":"Proxy Response","method":"GET","path":"/api/products/86a975a3-9ce5-472f-a282-d3225a5b7671","service":"Api-gateway","status":200,"timestamp":"2026-04-25T12:02:31.802Z"}
{"ip":"::1","level":"info","message":"Incoming request","method":"GET","service":"Api-gateway","timestamp":"2026-04-25T12:02:32.780Z","url":"/api/products/86a975a3-9ce5-472f-a282-d3225a5b7671"}
{"level":"info","message":"Proxy Response","method":"GET","path":"/api/products/86a975a3-9ce5-472f-a282-d3225a5b7671","service":"Api-gateway","status":200,"timestamp":"2026-04-25T12:02:32.814Z"}
{"ip":"::1","level":"info","message":"Incoming request","method":"GET","service":"Api-gateway","timestamp":"2026-04-25T12:02:33.763Z","url":"/api/products/86a975a3-9ce5-472f-a282-d3225a5b7671"}
{"level":"info","message":"Proxy Response","method":"GET","path":"/api/products/86a975a3-9ce5-472f-a282-d3225a5b7671","service":"Api-gateway","status":200,"timestamp":"2026-04-25T12:02:33.769Z"}
{"ip":"::1","level":"info","message":"Incoming request","method":"GET","service":"Api-gateway","timestamp":"2026-04-25T12:02:35.211Z","url":"/api/products/86a975a3-9ce5-472f-a282-d3225a5b7671"}
{"level":"info","message":"Proxy Response","method":"GET","path":"/api/products/86a975a3-9ce5-472f-a282-d3225a5b7671","service":"Api-gateway","status":200,"timestamp":"2026-04-25T12:02:35.224Z"}
{"ip":"::1","level":"info","message":"Incoming request","method":"GET","service":"Api-gateway","timestamp":"2026-04-25T12:02:36.287Z","url":"/api/products/86a975a3-9ce5-472f-a282-d3225a5b7671"}
{"level":"info","message":"Proxy Response","method":"GET","path":"/api/products/86a975a3-9ce5-472f-a282-d3225a5b7671","service":"Api-gateway","status":200,"timestamp":"2026-04-25T12:02:36.293Z"}
{"ip":"::1","level":"info","message":"Incoming request","method":"GET","service":"Api-gateway","timestamp":"2026-04-25T12:02:37.421Z","url":"/api/products/86a975a3-9ce5-472f-a282-d3225a5b7671"}
{"level":"info","message":"Proxy Response","method":"GET","path":"/api/products/86a975a3-9ce5-472f-a282-d3225a5b7671","service":"Api-gateway","status":200,"timestamp":"2026-04-25T12:02:37.434Z"}
{"ip":"::1","level":"info","message":"Incoming request","method":"POST","service":"Api-gateway","timestamp":"2026-04-25T12:03:08.405Z","url":"/api/products"}
{"level":"info","message":"Proxy Response","method":"POST","path":"/api/products","service":"Api-gateway","status":201,"timestamp":"2026-04-25T12:03:17.341Z"}
{"ip":"::1","level":"info","message":"Incoming request","method":"GET","service":"Api-gateway","timestamp":"2026-04-25T12:03:40.945Z","url":"/api/products/89815657-7226-4078-afb2-2bf53b73d8e0"}
{"level":"info","message":"Proxy Response","method":"GET","path":"/api/products/89815657-7226-4078-afb2-2bf53b73d8e0","service":"Api-gateway","status":200,"timestamp":"2026-04-25T12:03:50.099Z"}
{"ip":"::1","level":"info","message":"Incoming request","method":"POST","service":"Api-gateway","timestamp":"2026-04-25T12:04:17.271Z","url":"/api/products"}
{"level":"info","message":"Proxy Response","method":"POST","path":"/api/products","service":"Api-gateway","status":201,"timestamp":"2026-04-25T12:04:21.865Z"}
{"ip":"::1","level":"info","message":"Incoming request","method":"GET","service":"Api-gateway","timestamp":"2026-04-25T12:04:48.808Z","url":"/api/products/647fa22f-0669-4fc7-a425-7224e442ff01"}
{"level":"info","message":"Proxy Response","method":"GET","path":"/api/products/647fa22f-0669-4fc7-a425-7224e442ff01","service":"Api-gateway","status":200,"timestamp":"2026-04-25T12:04:52.362Z"}
{"ip":"::1","level":"info","message":"Incoming request","method":"POST","service":"Api-gateway","timestamp":"2026-04-25T12:05:31.162Z","url":"/api/products"}
{"level":"info","message":"Proxy Response","method":"POST","path":"/api/products","service":"Api-gateway","status":201,"timestamp":"2026-04-25T12:05:34.834Z"}
{"ip":"::1","level":"info","message":"Incoming request","method":"GET","service":"Api-gateway","timestamp":"2026-04-25T12:05:54.000Z","url":"/api/product/5f51edd3-3fee-49b5-9092-ff446682f8ee"}
{"ip":"::1","level":"info","message":"Incoming request","method":"GET","service":"Api-gateway","timestamp":"2026-04-25T12:05:56.376Z","url":"/api/product/5f51edd3-3fee-49b5-9092-ff446682f8ee"}
{"ip":"::1","level":"info","message":"Incoming request","method":"GET","service":"Api-gateway","timestamp":"2026-04-25T12:05:57.089Z","url":"/api/product/5f51edd3-3fee-49b5-9092-ff446682f8ee"}
{"ip":"::1","level":"info","message":"Incoming request","method":"POST","service":"Api-gateway","timestamp":"2026-04-25T12:06:32.111Z","url":"/api/products"}
{"level":"info","message":"Proxy Response","method":"POST","path":"/api/products","service":"Api-gateway","status":201,"timestamp":"2026-04-25T12:06:35.632Z"}
{"ip":"::1","level":"info","message":"Incoming request","method":"GET","service":"Api-gateway","timestamp":"2026-04-25T12:06:53.742Z","url":"/api/product/e74965ca-de37-4c99-9084-d3e785d2dbab"}
{"ip":"::1","level":"info","message":"Incoming request","method":"GET","service":"Api-gateway","timestamp":"2026-04-25T12:06:55.213Z","url":"/api/product/e74965ca-de37-4c99-9084-d3e785d2dbab"}
{"ip":"::1","level":"info","message":"Incoming request","method":"GET","service":"Api-gateway","timestamp":"2026-04-25T12:07:42.173Z","url":"/api/products/e74965ca-de37-4c99-9084-d3e785d2dbab"}
{"level":"info","message":"Proxy Response","method":"GET","path":"/api/products/e74965ca-de37-4c99-9084-d3e785d2dbab","service":"Api-gateway","status":200,"timestamp":"2026-04-25T12:07:45.672Z"}
{"ip":"::1","level":"info","message":"Incoming request","method":"POST","service":"Api-gateway","timestamp":"2026-04-25T12:08:13.986Z","url":"/api/products"}
{"level":"info","message":"Proxy Response","method":"POST","path":"/api/products","service":"Api-gateway","status":201,"timestamp":"2026-04-25T12:08:18.531Z"}
{"ip":"::1","level":"info","message":"Incoming request","method":"GET","service":"Api-gateway","timestamp":"2026-04-25T12:08:42.897Z","url":"/api/products/9c60ca78-59bb-4bca-85c6-15a95906b30e"}
{"level":"info","message":"Proxy Response","method":"GET","path":"/api/products/9c60ca78-59bb-4bca-85c6-15a95906b30e","service":"Api-gateway","status":200,"timestamp":"2026-04-25T12:08:47.587Z"}
{"ip":"::1","level":"info","message":"Incoming request","method":"POST","service":"Api-gateway","timestamp":"2026-04-25T12:09:02.768Z","url":"/api/auth/login"}
{"level":"info","message":"Proxy Response","method":"POST","path":"/api/auth/login","service":"Api-gateway","status":200,"timestamp":"2026-04-25T12:09:05.494Z"}
{"ip":"::1","level":"info","message":"Incoming request","method":"POST","service":"Api-gateway","timestamp":"2026-04-25T12:09:07.131Z","url":"/api/auth/login"}
{"level":"info","message":"Proxy Response","method":"POST","path":"/api/auth/login","service":"Api-gateway","status":200,"timestamp":"2026-04-25T12:09:09.958Z"}
{"ip":"::1","level":"info","message":"Incoming request","method":"POST","service":"Api-gateway","timestamp":"2026-04-25T15:15:43.464Z","url":"/api/auth/login"}
{"level":"info","message":"Proxy Response","method":"POST","path":"/api/auth/login","service":"Api-gateway","status":200,"timestamp":"2026-04-25T15:15:46.720Z"}
{"ip":"::1","level":"info","message":"Incoming request","method":"POST","service":"Api-gateway","timestamp":"2026-04-25T15:16:10.982Z","url":"/api/products"}
{"level":"info","message":"Proxy Response","method":"POST","path":"/api/products","service":"Api-gateway","status":201,"timestamp":"2026-04-25T15:16:14.733Z"}
{"ip":"::1","level":"info","message":"Incoming request","method":"GET","service":"Api-gateway","timestamp":"2026-04-25T15:16:45.317Z","url":"/api/products/09b46a28-c643-4546-9876-dd936e14f9c0"}
{"level":"info","message":"Proxy Response","method":"GET","path":"/api/products/09b46a28-c643-4546-9876-dd936e14f9c0","service":"Api-gateway","status":200,"timestamp":"2026-04-25T15:16:48.776Z"}
{"ip":"::1","level":"info","message":"Incoming request","method":"GET","service":"Api-gateway","timestamp":"2026-04-25T15:18:22.380Z","url":"/api/products/09b46a28-c643-4546-9876-dd936e14f9c0"}
{"level":"info","message":"Proxy Response","method":"GET","path":"/api/products/09b46a28-c643-4546-9876-dd936e14f9c0","service":"Api-gateway","status":200,"timestamp":"2026-04-25T15:18:22.396Z"}
{"ip":"::1","level":"info","message":"Incoming request","method":"POST","service":"Api-gateway","timestamp":"2026-04-25T15:18:34.505Z","url":"/api/products"}
{"level":"info","message":"Proxy Response","method":"POST","path":"/api/products","service":"Api-gateway","status":201,"timestamp":"2026-04-25T15:18:38.043Z"}
{"ip":"::1","level":"info","message":"Incoming request","method":"GET","service":"Api-gateway","timestamp":"2026-04-25T15:18:51.746Z","url":"/api/products/bcbc41a6-c578-4da0-b5b2-afe0e8a9a554"}
{"level":"info","message":"Proxy Response","method":"GET","path":"/api/products/bcbc41a6-c578-4da0-b5b2-afe0e8a9a554","service":"Api-gateway","status":200,"timestamp":"2026-04-25T15:18:55.228Z"}
{"ip":"::1","level":"info","message":"Incoming request","method":"POST","service":"Api-gateway","timestamp":"2026-04-25T16:41:25.178Z","url":"/api/auth/login"}
{"level":"info","message":"Proxy Response","method":"POST","path":"/api/auth/login","service":"Api-gateway","status":200,"timestamp":"2026-04-25T16:41:29.634Z"}
{"ip":"::1","level":"info","message":"Incoming request","method":"GET","service":"Api-gateway","timestamp":"2026-04-25T16:41:55.359Z","url":"/api/products/bcbc41a6-c578-4da0-b5b2-afe0e8a9a554"}
{"level":"error","message":"Token expired","method":"GET","path":"/api/products/bcbc41a6-c578-4da0-b5b2-afe0e8a9a554","service":"Api-gateway","stack":"Error: Token expired\n    at authenticate (file:///Users/faizan/ecommerce-microservices/api-gateway/dist/middlewares/auth.js:19:25)\n    at optionalAuth (file:///Users/faizan/ecommerce-microservices/api-gateway/dist/routes/proxyRoutes.js:25:12)\n    at Layer.handleRequest (/Users/faizan/ecommerce-microservices/api-gateway/node_modules/router/lib/layer.js:152:17)\n    at trimPrefix (/Users/faizan/ecommerce-microservices/api-gateway/node_modules/router/index.js:342:13)\n    at /Users/faizan/ecommerce-microservices/api-gateway/node_modules/router/index.js:297:9\n    at processParams (/Users/faizan/ecommerce-microservices/api-gateway/node_modules/router/index.js:582:12)\n    at next (/Users/faizan/ecommerce-microservices/api-gateway/node_modules/router/index.js:291:5)\n    at Function.handle (/Users/faizan/ecommerce-microservices/api-gateway/node_modules/router/index.js:186:3)\n    at router (/Users/faizan/ecommerce-microservices/api-gateway/node_modules/router/index.js:60:12)\n    at Layer.handleRequest (/Users/faizan/ecommerce-microservices/api-gateway/node_modules/router/lib/layer.js:152:17)","statusCode":401,"timestamp":"2026-04-25T16:41:55.378Z"}
{"ip":"::1","level":"info","message":"Incoming request","method":"GET","service":"Api-gateway","timestamp":"2026-04-25T16:42:08.060Z","url":"/api/products/bcbc41a6-c578-4da0-b5b2-afe0e8a9a554"}
{"level":"error","message":"Token expired","method":"GET","path":"/api/products/bcbc41a6-c578-4da0-b5b2-afe0e8a9a554","service":"Api-gateway","stack":"Error: Token expired\n    at authenticate (file:///Users/faizan/ecommerce-microservices/api-gateway/dist/middlewares/auth.js:19:25)\n    at optionalAuth (file:///Users/faizan/ecommerce-microservices/api-gateway/dist/routes/proxyRoutes.js:25:12)\n    at Layer.handleRequest (/Users/faizan/ecommerce-microservices/api-gateway/node_modules/router/lib/layer.js:152:17)\n    at trimPrefix (/Users/faizan/ecommerce-microservices/api-gateway/node_modules/router/index.js:342:13)\n    at /Users/faizan/ecommerce-microservices/api-gateway/node_modules/router/index.js:297:9\n    at processParams (/Users/faizan/ecommerce-microservices/api-gateway/node_modules/router/index.js:582:12)\n    at next (/Users/faizan/ecommerce-microservices/api-gateway/node_modules/router/index.js:291:5)\n    at Function.handle (/Users/faizan/ecommerce-microservices/api-gateway/node_modules/router/index.js:186:3)\n    at router (/Users/faizan/ecommerce-microservices/api-gateway/node_modules/router/index.js:60:12)\n    at Layer.handleRequest (/Users/faizan/ecommerce-microservices/api-gateway/node_modules/router/lib/layer.js:152:17)","statusCode":401,"timestamp":"2026-04-25T16:42:08.062Z"}
{"ip":"::1","level":"info","message":"Incoming request","method":"GET","service":"Api-gateway","timestamp":"2026-04-25T16:42:10.152Z","url":"/api/products/bcbc41a6-c578-4da0-b5b2-afe0e8a9a554"}
{"level":"error","message":"Token expired","method":"GET","path":"/api/products/bcbc41a6-c578-4da0-b5b2-afe0e8a9a554","service":"Api-gateway","stack":"Error: Token expired\n    at authenticate (file:///Users/faizan/ecommerce-microservices/api-gateway/dist/middlewares/auth.js:19:25)\n    at optionalAuth (file:///Users/faizan/ecommerce-microservices/api-gateway/dist/routes/proxyRoutes.js:25:12)\n    at Layer.handleRequest (/Users/faizan/ecommerce-microservices/api-gateway/node_modules/router/lib/layer.js:152:17)\n    at trimPrefix (/Users/faizan/ecommerce-microservices/api-gateway/node_modules/router/index.js:342:13)\n    at /Users/faizan/ecommerce-microservices/api-gateway/node_modules/router/index.js:297:9\n    at processParams (/Users/faizan/ecommerce-microservices/api-gateway/node_modules/router/index.js:582:12)\n    at next (/Users/faizan/ecommerce-microservices/api-gateway/node_modules/router/index.js:291:5)\n    at Function.handle (/Users/faizan/ecommerce-microservices/api-gateway/node_modules/router/index.js:186:3)\n    at router (/Users/faizan/ecommerce-microservices/api-gateway/node_modules/router/index.js:60:12)\n    at Layer.handleRequest (/Users/faizan/ecommerce-microservices/api-gateway/node_modules/router/lib/layer.js:152:17)","statusCode":401,"timestamp":"2026-04-25T16:42:10.154Z"}
{"ip":"::1","level":"info","message":"Incoming request","method":"GET","service":"Api-gateway","timestamp":"2026-04-25T16:42:35.243Z","url":"/api/products/bcbc41a6-c578-4da0-b5b2-afe0e8a9a554"}
{"level":"error","message":"Token expired","method":"GET","path":"/api/products/bcbc41a6-c578-4da0-b5b2-afe0e8a9a554","service":"Api-gateway","stack":"Error: Token expired\n    at authenticate (file:///Users/faizan/ecommerce-microservices/api-gateway/dist/middlewares/auth.js:19:25)\n    at optionalAuth (file:///Users/faizan/ecommerce-microservices/api-gateway/dist/routes/proxyRoutes.js:25:12)\n    at Layer.handleRequest (/Users/faizan/ecommerce-microservices/api-gateway/node_modules/router/lib/layer.js:152:17)\n    at trimPrefix (/Users/faizan/ecommerce-microservices/api-gateway/node_modules/router/index.js:342:13)\n    at /Users/faizan/ecommerce-microservices/api-gateway/node_modules/router/index.js:297:9\n    at processParams (/Users/faizan/ecommerce-microservices/api-gateway/node_modules/router/index.js:582:12)\n    at next (/Users/faizan/ecommerce-microservices/api-gateway/node_modules/router/index.js:291:5)\n    at Function.handle (/Users/faizan/ecommerce-microservices/api-gateway/node_modules/router/index.js:186:3)\n    at router (/Users/faizan/ecommerce-microservices/api-gateway/node_modules/router/index.js:60:12)\n    at Layer.handleRequest (/Users/faizan/ecommerce-microservices/api-gateway/node_modules/router/lib/layer.js:152:17)","statusCode":401,"timestamp":"2026-04-25T16:42:35.253Z"}
{"ip":"::1","level":"info","message":"Incoming request","method":"GET","service":"Api-gateway","timestamp":"2026-04-25T16:43:03.218Z","url":"/api/products/bcbc41a6-c578-4da0-b5b2-afe0e8a9a554"}
{"level":"info","message":"Proxy Response","method":"GET","path":"/api/products/bcbc41a6-c578-4da0-b5b2-afe0e8a9a554","service":"Api-gateway","status":200,"timestamp":"2026-04-25T16:43:10.654Z"}
{"ip":"::1","level":"info","message":"Incoming request","method":"POST","service":"Api-gateway","timestamp":"2026-04-25T16:44:10.648Z","url":"/api/products"}
{"level":"info","message":"Proxy Response","method":"POST","path":"/api/products","service":"Api-gateway","status":201,"timestamp":"2026-04-25T16:44:16.237Z"}
{"ip":"::1","level":"info","message":"Incoming request","method":"GET","service":"Api-gateway","timestamp":"2026-04-25T16:44:34.016Z","url":"/api/products/ec7c9e6b-7e15-485d-8e97-500957867c7c"}
{"level":"info","message":"Proxy Response","method":"GET","path":"/api/products/ec7c9e6b-7e15-485d-8e97-500957867c7c","service":"Api-gateway","status":200,"timestamp":"2026-04-25T16:44:39.065Z"}
{"ip":"::1","level":"info","message":"Incoming request","method":"GET","service":"Api-gateway","timestamp":"2026-04-25T16:44:42.850Z","url":"/api/products/ec7c9e6b-7e15-485d-8e97-500957867c7c"}
{"level":"info","message":"Proxy Response","method":"GET","path":"/api/products/ec7c9e6b-7e15-485d-8e97-500957867c7c","service":"Api-gateway","status":200,"timestamp":"2026-04-25T16:44:42.884Z"}
{"ip":"::1","level":"info","message":"Incoming request","method":"POST","service":"Api-gateway","timestamp":"2026-04-25T16:45:13.891Z","url":"/api/products"}
{"level":"info","message":"Proxy Response","method":"POST","path":"/api/products","service":"Api-gateway","status":201,"timestamp":"2026-04-25T16:45:17.602Z"}
{"ip":"::1","level":"info","message":"Incoming request","method":"GET","service":"Api-gateway","timestamp":"2026-04-25T16:45:30.621Z","url":"/api/products/f6c85229-b47b-48b1-b79a-823df2d0efec"}
{"level":"info","message":"Proxy Response","method":"GET","path":"/api/products/f6c85229-b47b-48b1-b79a-823df2d0efec","service":"Api-gateway","status":200,"timestamp":"2026-04-25T16:45:39.973Z"}
{"ip":"::1","level":"info","message":"Incoming request","method":"POST","service":"Api-gateway","timestamp":"2026-04-25T16:45:45.121Z","url":"/api/products"}
{"level":"info","message":"Proxy Response","method":"POST","path":"/api/products","service":"Api-gateway","status":400,"timestamp":"2026-04-25T16:45:45.406Z"}
{"ip":"::1","level":"info","message":"Incoming request","method":"POST","service":"Api-gateway","timestamp":"2026-04-25T16:45:50.014Z","url":"/api/products"}
{"level":"info","message":"Proxy Response","method":"POST","path":"/api/products","service":"Api-gateway","status":409,"timestamp":"2026-04-25T16:45:51.329Z"}
{"ip":"::1","level":"info","message":"Incoming request","method":"POST","service":"Api-gateway","timestamp":"2026-04-25T16:45:55.528Z","url":"/api/products"}
{"level":"info","message":"Proxy Response","method":"POST","path":"/api/products","service":"Api-gateway","status":201,"timestamp":"2026-04-25T16:45:58.230Z"}
{"ip":"::1","level":"info","message":"Incoming request","method":"GET","service":"Api-gateway","timestamp":"2026-04-25T16:46:21.158Z","url":"/api/products/1b23c331-3e7f-4f0b-9280-d1af99cda6ec"}
{"level":"info","message":"Proxy Response","method":"GET","path":"/api/products/1b23c331-3e7f-4f0b-9280-d1af99cda6ec","service":"Api-gateway","status":200,"timestamp":"2026-04-25T16:46:27.536Z"}
{"ip":"::1","level":"info","message":"Incoming request","method":"POST","service":"Api-gateway","timestamp":"2026-04-25T16:46:36.965Z","url":"/api/products"}
{"level":"info","message":"Proxy Response","method":"POST","path":"/api/products","service":"Api-gateway","status":201,"timestamp":"2026-04-25T16:46:39.245Z"}
{"ip":"::1","level":"info","message":"Incoming request","method":"GET","service":"Api-gateway","timestamp":"2026-04-25T16:46:54.025Z","url":"/api/products/1df842e9-a525-4832-84c6-e4732ee3d75a"}
{"level":"info","message":"Proxy Response","method":"GET","path":"/api/products/1df842e9-a525-4832-84c6-e4732ee3d75a","service":"Api-gateway","status":200,"timestamp":"2026-04-25T16:46:58.823Z"}
{"ip":"::1","level":"info","message":"Incoming request","method":"POST","service":"Api-gateway","timestamp":"2026-04-25T16:47:14.356Z","url":"/api/products"}
{"level":"info","message":"Proxy Response","method":"POST","path":"/api/products","service":"Api-gateway","status":201,"timestamp":"2026-04-25T16:47:18.836Z"}
{"ip":"::1","level":"info","message":"Incoming request","method":"GET","service":"Api-gateway","timestamp":"2026-04-25T16:47:29.822Z","url":"/api/products/d58bcc17-12a0-49da-8655-68afb13157d6"}
{"level":"info","message":"Proxy Response","method":"GET","path":"/api/products/d58bcc17-12a0-49da-8655-68afb13157d6","service":"Api-gateway","status":200,"timestamp":"2026-04-25T16:47:33.832Z"}
{"ip":"::1","level":"info","message":"Incoming request","method":"POST","service":"Api-gateway","timestamp":"2026-04-25T16:49:07.572Z","url":"/api/products"}
{"level":"info","message":"Proxy Response","method":"POST","path":"/api/products","service":"Api-gateway","status":409,"timestamp":"2026-04-25T16:49:10.577Z"}
{"ip":"::1","level":"info","message":"Incoming request","method":"POST","service":"Api-gateway","timestamp":"2026-04-25T16:49:13.181Z","url":"/api/products"}
{"level":"info","message":"Proxy Response","method":"POST","path":"/api/products","service":"Api-gateway","status":201,"timestamp":"2026-04-25T16:49:15.478Z"}
{"ip":"::1","level":"info","message":"Incoming request","method":"GET","service":"Api-gateway","timestamp":"2026-04-25T16:49:30.603Z","url":"/api/products/b0e6852e-2a74-4e0e-945f-e930c1cca2cb"}
{"level":"info","message":"Proxy Response","method":"GET","path":"/api/products/b0e6852e-2a74-4e0e-945f-e930c1cca2cb","service":"Api-gateway","status":200,"timestamp":"2026-04-25T16:49:34.701Z"}
{"level":"info","message":"Received SIGINT. Shutting down API Gateway...","service":"Api-gateway","timestamp":"2026-04-25T17:46:54.122Z"}
