{"level":"info","message":"Product service running on port 3002","service":"product-service","timestamp":"2026-03-25T14:46:21.565Z"}
{"level":"info","message":"Product service running on port 3002","service":"product-service","timestamp":"2026-03-25T14:46:25.701Z"}
{"level":"info","message":"Product service running on port 3002","service":"product-service","timestamp":"2026-03-25T14:57:05.924Z"}
{"level":"info","message":"Product service running on port 3002","service":"product-service","timestamp":"2026-03-25T14:57:11.569Z"}
{"errors":["\"variants\" is required"],"level":"warn","message":"Validation failed","method":"POST","path":"/api/v1/products","service":"product-service","source":"body","timestamp":"2026-03-25T15:00:47.549Z"}
{"level":"error","message":"Validation error","method":"POST","path":"/api/v1/products","service":"product-service","stack":"Error: Validation error\n    at file:///Users/faizan/ecommerce-microservices/product-service/dist/middlewares/validateMiddleware.js:17:25\n    at Layer.handleRequest (/Users/faizan/ecommerce-microservices/product-service/node_modules/router/lib/layer.js:152:17)\n    at next (/Users/faizan/ecommerce-microservices/product-service/node_modules/router/lib/route.js:157:13)\n    at Route.dispatch (/Users/faizan/ecommerce-microservices/product-service/node_modules/router/lib/route.js:117:3)\n    at handle (/Users/faizan/ecommerce-microservices/product-service/node_modules/router/index.js:435:11)\n    at Layer.handleRequest (/Users/faizan/ecommerce-microservices/product-service/node_modules/router/lib/layer.js:152:17)\n    at /Users/faizan/ecommerce-microservices/product-service/node_modules/router/index.js:295:15\n    at processParams (/Users/faizan/ecommerce-microservices/product-service/node_modules/router/index.js:582:12)\n    at next (/Users/faizan/ecommerce-microservices/product-service/node_modules/router/index.js:291:5)\n    at Function.handle (/Users/faizan/ecommerce-microservices/product-service/node_modules/router/index.js:186:3)","statusCode":400,"timestamp":"2026-03-25T15:00:47.551Z"}
{"duration":"21ms","level":"info","message":"HTTP Request","method":"POST","params":{},"query":{},"service":"product-service","status":400,"timestamp":"2026-03-25T15:00:47.566Z","url":"/api/v1/products"}
{"level":"info","message":"Product service running on port 3002","service":"product-service","timestamp":"2026-03-25T15:05:08.767Z"}
{"errors":["\"variants\" is required"],"level":"warn","message":"Validation failed","method":"POST","path":"/api/v1/products","service":"product-service","source":"body","timestamp":"2026-03-25T15:05:13.683Z"}
{"level":"error","message":"Validation error","method":"POST","path":"/api/v1/products","service":"product-service","stack":"Error: Validation error\n    at file:///Users/faizan/ecommerce-microservices/product-service/dist/middlewares/validateMiddleware.js:18:25\n    at Layer.handleRequest (/Users/faizan/ecommerce-microservices/product-service/node_modules/router/lib/layer.js:152:17)\n    at next (/Users/faizan/ecommerce-microservices/product-service/node_modules/router/lib/route.js:157:13)\n    at Route.dispatch (/Users/faizan/ecommerce-microservices/product-service/node_modules/router/lib/route.js:117:3)\n    at handle (/Users/faizan/ecommerce-microservices/product-service/node_modules/router/index.js:435:11)\n    at Layer.handleRequest (/Users/faizan/ecommerce-microservices/product-service/node_modules/router/lib/layer.js:152:17)\n    at /Users/faizan/ecommerce-microservices/product-service/node_modules/router/index.js:295:15\n    at processParams (/Users/faizan/ecommerce-microservices/product-service/node_modules/router/index.js:582:12)\n    at next (/Users/faizan/ecommerce-microservices/product-service/node_modules/router/index.js:291:5)\n    at Function.handle (/Users/faizan/ecommerce-microservices/product-service/node_modules/router/index.js:186:3)","statusCode":400,"timestamp":"2026-03-25T15:05:13.685Z"}
{"duration":"14ms","level":"info","message":"HTTP Request","method":"POST","params":{},"query":{},"service":"product-service","status":400,"timestamp":"2026-03-25T15:05:13.695Z","url":"/api/v1/products"}
{"level":"error","message":"Failed to identify your database: Your Postgres credentials are incorrect. Please check your username and password and try again.","method":"POST","path":"/api/v1/products","service":"product-service","stack":"error: Failed to identify your database: Your Postgres credentials are incorrect. Please check your username and password and try again.\n    at /Users/faizan/ecommerce-microservices/product-service/node_modules/pg-pool/index.js:45:11\n    at process.processTicksAndRejections (node:internal/process/task_queues:95:5)\n    at async PrismaPgAdapter.performIO (file:///Users/faizan/ecommerce-microservices/product-service/node_modules/@prisma/adapter-pg/dist/index.mjs:616:22)\n    at async PrismaPgAdapter.queryRaw (file:///Users/faizan/ecommerce-microservices/product-service/node_modules/@prisma/adapter-pg/dist/index.mjs:566:30)\n    at async e.interpretNode (/Users/faizan/ecommerce-microservices/product-service/node_modules/@prisma/client/runtime/client.js:11:44573)\n    at async e.interpretNode (/Users/faizan/ecommerce-microservices/product-service/node_modules/@prisma/client/runtime/client.js:11:45017)\n    at async e.interpretNode (/Users/faizan/ecommerce-microservices/product-service/node_modules/@prisma/client/runtime/client.js:11:46237)\n    at async e.run (/Users/faizan/ecommerce-microservices/product-service/node_modules/@prisma/client/runtime/client.js:11:43287)\n    at async e.execute (/Users/faizan/ecommerce-microservices/product-service/node_modules/@prisma/client/runtime/client.js:57:815)\n    at async jt.request (/Users/faizan/ecommerce-microservices/product-service/node_modules/@prisma/client/runtime/client.js:58:2327)","statusCode":500,"timestamp":"2026-03-25T15:20:08.710Z"}
{"duration":"1255ms","level":"info","message":"HTTP Request","method":"POST","params":{},"query":{},"service":"product-service","status":500,"timestamp":"2026-03-25T15:20:08.712Z","url":"/api/v1/products"}
{"level":"info","message":"Product service running on port 3002","service":"product-service","timestamp":"2026-03-25T15:21:08.264Z"}
{"level":"info","message":"Product service running on port 3002","service":"product-service","timestamp":"2026-03-25T15:21:14.374Z"}
{"level":"error","message":"\nInvalid `prisma.product.findFirst()` invocation:\n\n\nThe table `public.Product` does not exist in the current database.","method":"POST","path":"/api/v1/products","service":"product-service","stack":"PrismaClientKnownRequestError: \nInvalid `prisma.product.findFirst()` invocation:\n\n\nThe table `public.Product` does not exist in the current database.\n    at Gr.handleRequestError (/Users/faizan/ecommerce-microservices/product-service/node_modules/@prisma/client/runtime/client.js:65:8286)\n    at Gr.handleAndLogRequestError (/Users/faizan/ecommerce-microservices/product-service/node_modules/@prisma/client/runtime/client.js:65:7581)\n    at Gr.request (/Users/faizan/ecommerce-microservices/product-service/node_modules/@prisma/client/runtime/client.js:65:7288)\n    at process.processTicksAndRejections (node:internal/process/task_queues:95:5)\n    at async a (/Users/faizan/ecommerce-microservices/product-service/node_modules/@prisma/client/runtime/client.js:75:6730)\n    at async ProductService.createProduct (file:///Users/faizan/ecommerce-microservices/product-service/dist/services/product-service.js:11:26)\n    at async file:///Users/faizan/ecommerce-microservices/product-service/dist/controllers/product-controller.js:7:25","statusCode":500,"timestamp":"2026-03-25T15:21:27.556Z"}
{"duration":"7123ms","level":"info","message":"HTTP Request","method":"POST","params":{},"query":{},"service":"product-service","status":500,"timestamp":"2026-03-25T15:21:27.563Z","url":"/api/v1/products"}
{"level":"info","message":"Product service running on port 3002","service":"product-service","timestamp":"2026-03-25T16:18:10.970Z"}
{"level":"info","message":"Product service running on port 3002","service":"product-service","timestamp":"2026-03-25T16:18:15.693Z"}
{"duration":"4976ms","level":"info","message":"HTTP Request","method":"POST","params":{},"query":{},"service":"product-service","status":201,"timestamp":"2026-03-25T16:18:37.188Z","url":"/api/v1/products"}
{"level":"info","message":"Product service running on port 3002","service":"product-service","timestamp":"2026-03-25T17:29:01.266Z"}
{"level":"info","message":"Product service running on port 3002","service":"product-service","timestamp":"2026-03-26T10:00:43.678Z"}
{"level":"info","message":"Product service running on port 3002","service":"product-service","timestamp":"2026-03-26T10:00:49.137Z"}
{"level":"info","message":"Product service running on port 3002","service":"product-service","timestamp":"2026-03-26T10:01:44.658Z"}
{"level":"info","message":"Product service running on port 3002","service":"product-service","timestamp":"2026-03-26T10:19:17.823Z"}
{"duration":"6458ms","level":"info","message":"HTTP Request","method":"GET","params":{"id":"2b2edc0d-a646-49fe-841d-4851e6242315"},"query":{},"service":"product-service","status":200,"timestamp":"2026-03-26T10:23:26.974Z","url":"/api/v1/products/2b2edc0d-a646-49fe-841d-4851e6242315"}
{"duration":"4111ms","level":"info","message":"HTTP Request","method":"GET","params":{"id":"2b2edc0d-a646-49fe-841d-4851e6242315"},"query":{},"service":"product-service","status":200,"timestamp":"2026-03-26T10:29:07.125Z","url":"/api/v1/products/2b2edc0d-a646-49fe-841d-4851e6242315"}
{"duration":"676ms","level":"info","message":"HTTP Request","method":"GET","params":{"id":"2b2edc0d-a646-49fe-841d-4851e6242315"},"query":{},"service":"product-service","status":200,"timestamp":"2026-03-26T10:29:09.037Z","url":"/api/v1/products/2b2edc0d-a646-49fe-841d-4851e6242315"}
{"duration":"676ms","level":"info","message":"HTTP Request","method":"GET","params":{"id":"2b2edc0d-a646-49fe-841d-4851e6242315"},"query":{},"service":"product-service","status":200,"timestamp":"2026-03-26T10:29:10.790Z","url":"/api/v1/products/2b2edc0d-a646-49fe-841d-4851e6242315"}
{"duration":"666ms","level":"info","message":"HTTP Request","method":"GET","params":{"id":"2b2edc0d-a646-49fe-841d-4851e6242315"},"query":{},"service":"product-service","status":200,"timestamp":"2026-03-26T10:29:12.176Z","url":"/api/v1/products/2b2edc0d-a646-49fe-841d-4851e6242315"}
{"duration":"676ms","level":"info","message":"HTTP Request","method":"GET","params":{"id":"2b2edc0d-a646-49fe-841d-4851e6242315"},"query":{},"service":"product-service","status":200,"timestamp":"2026-03-26T10:29:13.549Z","url":"/api/v1/products/2b2edc0d-a646-49fe-841d-4851e6242315"}
{"duration":"670ms","level":"info","message":"HTTP Request","method":"GET","params":{"id":"2b2edc0d-a646-49fe-841d-4851e6242315"},"query":{},"service":"product-service","status":200,"timestamp":"2026-03-26T10:29:15.057Z","url":"/api/v1/products/2b2edc0d-a646-49fe-841d-4851e6242315"}
{"duration":"673ms","level":"info","message":"HTTP Request","method":"GET","params":{"id":"2b2edc0d-a646-49fe-841d-4851e6242315"},"query":{},"service":"product-service","status":200,"timestamp":"2026-03-26T10:29:17.048Z","url":"/api/v1/products/2b2edc0d-a646-49fe-841d-4851e6242315"}
{"level":"info","message":"Product service running on port 3002","service":"product-service","timestamp":"2026-03-26T10:57:02.161Z"}
{"level":"info","message":"Product service running on port 3002","service":"product-service","timestamp":"2026-03-26T10:57:31.850Z"}
{"level":"info","message":"Product service running on port 3002","service":"product-service","timestamp":"2026-03-26T13:43:53.613Z"}
{"level":"info","message":"Product service running on port 3002","service":"product-service","timestamp":"2026-03-26T13:43:59.550Z"}
{"level":"info","message":"Product service running on port 3002","service":"product-service","timestamp":"2026-03-26T13:44:01.748Z"}
{"level":"error","message":"connect ECONNREFUSED 127.0.0.1:6379","service":"product-service","stack":"Error: connect ECONNREFUSED 127.0.0.1:6379\n    at TCPConnectWrap.afterConnect [as oncomplete] (node:net:1611:16)","timestamp":"2026-03-26T13:44:01.768Z"}
{"level":"warn","message":"Redis reconnecting...","service":"product-service","timestamp":"2026-03-26T13:44:01.883Z"}
{"level":"error","message":"connect ECONNREFUSED 127.0.0.1:6379","service":"product-service","stack":"Error: connect ECONNREFUSED 127.0.0.1:6379\n    at TCPConnectWrap.afterConnect [as oncomplete] (node:net:1611:16)","timestamp":"2026-03-26T13:44:01.886Z"}
{"level":"warn","message":"Redis reconnecting...","service":"product-service","timestamp":"2026-03-26T13:44:02.018Z"}
{"level":"error","message":"connect ECONNREFUSED 127.0.0.1:6379","service":"product-service","stack":"Error: connect ECONNREFUSED 127.0.0.1:6379\n    at TCPConnectWrap.afterConnect [as oncomplete] (node:net:1611:16)","timestamp":"2026-03-26T13:44:02.019Z"}
{"level":"warn","message":"Redis reconnecting...","service":"product-service","timestamp":"2026-03-26T13:44:02.329Z"}
{"level":"error","message":"connect ECONNREFUSED 127.0.0.1:6379","service":"product-service","stack":"Error: connect ECONNREFUSED 127.0.0.1:6379\n    at TCPConnectWrap.afterConnect [as oncomplete] (node:net:1611:16)","timestamp":"2026-03-26T13:44:02.330Z"}
{"level":"warn","message":"Redis reconnecting...","service":"product-service","timestamp":"2026-03-26T13:44:02.792Z"}
{"level":"error","message":"connect ECONNREFUSED 127.0.0.1:6379","service":"product-service","stack":"Error: connect ECONNREFUSED 127.0.0.1:6379\n    at TCPConnectWrap.afterConnect [as oncomplete] (node:net:1611:16)","timestamp":"2026-03-26T13:44:02.794Z"}
{"level":"warn","message":"Redis reconnecting...","service":"product-service","timestamp":"2026-03-26T13:44:03.718Z"}
{"level":"error","message":"connect ECONNREFUSED 127.0.0.1:6379","service":"product-service","stack":"Error: connect ECONNREFUSED 127.0.0.1:6379\n    at TCPConnectWrap.afterConnect [as oncomplete] (node:net:1611:16)","timestamp":"2026-03-26T13:44:03.719Z"}
{"level":"warn","message":"Redis reconnecting...","service":"product-service","timestamp":"2026-03-26T13:44:05.383Z"}
{"level":"error","message":"connect ECONNREFUSED 127.0.0.1:6379","service":"product-service","stack":"Error: connect ECONNREFUSED 127.0.0.1:6379\n    at TCPConnectWrap.afterConnect [as oncomplete] (node:net:1611:16)","timestamp":"2026-03-26T13:44:05.384Z"}
{"level":"warn","message":"Redis reconnecting...","service":"product-service","timestamp":"2026-03-26T13:44:07.500Z"}
{"level":"error","message":"connect ECONNREFUSED 127.0.0.1:6379","service":"product-service","stack":"Error: connect ECONNREFUSED 127.0.0.1:6379\n    at TCPConnectWrap.afterConnect [as oncomplete] (node:net:1611:16)","timestamp":"2026-03-26T13:44:07.501Z"}
{"level":"warn","message":"Redis reconnecting...","service":"product-service","timestamp":"2026-03-26T13:44:09.628Z"}
{"level":"error","message":"connect ECONNREFUSED 127.0.0.1:6379","service":"product-service","stack":"Error: connect ECONNREFUSED 127.0.0.1:6379\n    at TCPConnectWrap.afterConnect [as oncomplete] (node:net:1611:16)","timestamp":"2026-03-26T13:44:09.632Z"}
{"level":"warn","message":"Redis reconnecting...","service":"product-service","timestamp":"2026-03-26T13:44:11.640Z"}
{"level":"error","message":"connect ECONNREFUSED 127.0.0.1:6379","service":"product-service","stack":"Error: connect ECONNREFUSED 127.0.0.1:6379\n    at TCPConnectWrap.afterConnect [as oncomplete] (node:net:1611:16)","timestamp":"2026-03-26T13:44:11.643Z"}
{"level":"warn","message":"Redis reconnecting...","service":"product-service","timestamp":"2026-03-26T13:44:13.722Z"}
{"level":"info","message":"Redis connected","service":"product-service","timestamp":"2026-03-26T13:44:13.725Z"}
{"level":"info","message":"Redis ready","service":"product-service","timestamp":"2026-03-26T13:44:13.730Z"}
{"duration":"4856ms","level":"info","message":"HTTP Request","method":"GET","params":{"id":"2b2edc0d-a646-49fe-841d-4851e6242315"},"query":{},"service":"product-service","status":200,"timestamp":"2026-03-26T13:44:42.561Z","url":"/api/v1/products/2b2edc0d-a646-49fe-841d-4851e6242315"}
{"duration":"4ms","level":"info","message":"HTTP Request","method":"GET","params":{"id":"2b2edc0d-a646-49fe-841d-4851e6242315"},"query":{},"service":"product-service","status":200,"timestamp":"2026-03-26T13:44:44.024Z","url":"/api/v1/products/2b2edc0d-a646-49fe-841d-4851e6242315"}
{"duration":"1ms","level":"info","message":"HTTP Request","method":"GET","params":{"id":"2b2edc0d-a646-49fe-841d-4851e6242315"},"query":{},"service":"product-service","status":200,"timestamp":"2026-03-26T13:44:45.003Z","url":"/api/v1/products/2b2edc0d-a646-49fe-841d-4851e6242315"}
{"duration":"1ms","level":"info","message":"HTTP Request","method":"GET","params":{"id":"2b2edc0d-a646-49fe-841d-4851e6242315"},"query":{},"service":"product-service","status":200,"timestamp":"2026-03-26T13:44:45.857Z","url":"/api/v1/products/2b2edc0d-a646-49fe-841d-4851e6242315"}
{"level":"info","message":"Product service running on port 3002","service":"product-service","timestamp":"2026-03-26T15:09:38.283Z"}
{"level":"info","message":"Redis connected","service":"product-service","timestamp":"2026-03-26T15:09:38.292Z"}
{"level":"info","message":"Redis ready","service":"product-service","timestamp":"2026-03-26T15:09:38.299Z"}
{"level":"info","message":"Product service running on port 3002","service":"product-service","timestamp":"2026-03-26T15:15:23.855Z"}
{"level":"info","message":"Redis connected","service":"product-service","timestamp":"2026-03-26T15:15:23.869Z"}
{"level":"info","message":"Redis ready","service":"product-service","timestamp":"2026-03-26T15:15:23.894Z"}
{"level":"info","message":"Product service running on port 3002","service":"product-service","timestamp":"2026-03-26T15:15:57.038Z"}
{"level":"info","message":"Redis connected","service":"product-service","timestamp":"2026-03-26T15:15:57.053Z"}
{"level":"info","message":"Redis ready","service":"product-service","timestamp":"2026-03-26T15:15:57.062Z"}
{"duration":"4195ms","level":"info","message":"HTTP Request","method":"DELETE","params":{"id":"2b2edc0d-a646-49fe-841d-4851e6242315"},"query":{},"service":"product-service","status":200,"timestamp":"2026-03-26T15:17:01.029Z","url":"/api/v1/products/2b2edc0d-a646-49fe-841d-4851e6242315"}
{"error":{"clientVersion":"7.5.0","code":"P2002","meta":{"driverAdapterError":{"cause":{"constraint":{"fields":["slug"]},"kind":"UniqueConstraintViolation","originalCode":"23505","originalMessage":"duplicate key value violates unique constraint \"Product_slug_key\""},"name":"DriverAdapterError"},"modelName":"Product"},"name":"PrismaClientKnownRequestError"},"level":"error","message":"Repository failed to create product","service":"product-service","timestamp":"2026-03-26T15:17:23.387Z"}
{"level":"error","message":"Unable to create product at the moment","method":"POST","path":"/api/v1/products","service":"product-service","stack":"Error: Unable to create product at the moment\n    at ProductService.createProduct (file:///Users/faizan/ecommerce-microservices/product-service/dist/services/product-service.js:20:19)\n    at process.processTicksAndRejections (node:internal/process/task_queues:95:5)\n    at async file:///Users/faizan/ecommerce-microservices/product-service/dist/controllers/product-controller.js:7:25","statusCode":500,"timestamp":"2026-03-26T15:17:23.389Z"}
{"duration":"2834ms","level":"info","message":"HTTP Request","method":"POST","params":{},"query":{},"service":"product-service","status":500,"timestamp":"2026-03-26T15:17:23.391Z","url":"/api/v1/products"}
{"error":{"clientVersion":"7.5.0","code":"P2002","meta":{"driverAdapterError":{"cause":{"constraint":{"fields":["slug"]},"kind":"UniqueConstraintViolation","originalCode":"23505","originalMessage":"duplicate key value violates unique constraint \"Product_slug_key\""},"name":"DriverAdapterError"},"modelName":"Product"},"name":"PrismaClientKnownRequestError"},"level":"error","message":"Repository failed to create product","service":"product-service","timestamp":"2026-03-26T15:17:46.850Z"}
{"level":"error","message":"Unable to create product at the moment","method":"POST","path":"/api/v1/products","service":"product-service","stack":"Error: Unable to create product at the moment\n    at ProductService.createProduct (file:///Users/faizan/ecommerce-microservices/product-service/dist/services/product-service.js:20:19)\n    at process.processTicksAndRejections (node:internal/process/task_queues:95:5)\n    at async file:///Users/faizan/ecommerce-microservices/product-service/dist/controllers/product-controller.js:7:25","statusCode":500,"timestamp":"2026-03-26T15:17:46.851Z"}
{"duration":"2509ms","level":"info","message":"HTTP Request","method":"POST","params":{},"query":{},"service":"product-service","status":500,"timestamp":"2026-03-26T15:17:46.856Z","url":"/api/v1/products"}
{"level":"info","message":"Product service running on port 3002","service":"product-service","timestamp":"2026-03-26T15:22:20.491Z"}
{"level":"info","message":"Redis connected","service":"product-service","timestamp":"2026-03-26T15:22:20.505Z"}
{"level":"info","message":"Redis ready","service":"product-service","timestamp":"2026-03-26T15:22:20.511Z"}
{"level":"error","message":"Repository failed to create product: PrismaClientKnownRequestError: \nInvalid `prisma.product.create()` invocation:\n\n\nUnique constraint failed on the fields: (`slug`)","service":"product-service","timestamp":"2026-03-26T15:25:46.570Z"}
{"level":"error","message":"Unable to create product at the moment","method":"POST","path":"/api/v1/products","service":"product-service","stack":"Error: Unable to create product at the moment\n    at ProductService.createProduct (file:///Users/faizan/ecommerce-microservices/product-service/dist/services/product-service.js:20:19)\n    at process.processTicksAndRejections (node:internal/process/task_queues:95:5)\n    at async file:///Users/faizan/ecommerce-microservices/product-service/dist/controllers/product-controller.js:7:25","statusCode":500,"timestamp":"2026-03-26T15:25:46.571Z"}
{"duration":"4477ms","level":"info","message":"HTTP Request","method":"POST","params":{},"query":{},"service":"product-service","status":500,"timestamp":"2026-03-26T15:25:46.575Z","url":"/api/v1/products"}
{"level":"info","message":"Redis shutting down due to SIGINT","service":"product-service","timestamp":"2026-03-26T15:28:33.249Z"}
{"level":"info","message":"Product service running on port 3002","service":"product-service","timestamp":"2026-03-26T15:28:47.918Z"}
{"level":"info","message":"Redis connected","service":"product-service","timestamp":"2026-03-26T15:28:47.938Z"}
{"level":"info","message":"Redis ready","service":"product-service","timestamp":"2026-03-26T15:28:47.948Z"}
{"level":"info","message":"Product service running on port 3002","service":"product-service","timestamp":"2026-03-26T15:28:55.553Z"}
{"level":"info","message":"Redis connected","service":"product-service","timestamp":"2026-03-26T15:28:55.577Z"}
{"level":"info","message":"Redis ready","service":"product-service","timestamp":"2026-03-26T15:28:55.582Z"}
{"level":"error","message":"Repository failed to create product: PrismaClientKnownRequestError: \nInvalid `prisma.product.create()` invocation:\n\n\nUnique constraint failed on the fields: (`slug`)","service":"product-service","timestamp":"2026-03-26T15:29:15.849Z"}
{"level":"error","message":"Unable to create product at the moment","method":"POST","path":"/api/v1/products","service":"product-service","stack":"Error: Unable to create product at the moment\n    at ProductService.createProduct (file:///Users/faizan/ecommerce-microservices/product-service/dist/services/product-service.js:20:19)\n    at process.processTicksAndRejections (node:internal/process/task_queues:95:5)\n    at async file:///Users/faizan/ecommerce-microservices/product-service/dist/controllers/product-controller.js:7:25","statusCode":500,"timestamp":"2026-03-26T15:29:15.851Z"}
{"duration":"3140ms","level":"info","message":"HTTP Request","method":"POST","params":{},"query":{},"service":"product-service","status":500,"timestamp":"2026-03-26T15:29:15.899Z","url":"/api/v1/products"}
{"level":"error","message":"Repository failed to create product: PrismaClientKnownRequestError: \nInvalid `prisma.product.create()` invocation:\n\n\nUnique constraint failed on the fields: (`sku`)","service":"product-service","timestamp":"2026-03-26T15:36:29.382Z"}
{"level":"error","message":"Unable to create product at the moment","method":"POST","path":"/api/v1/products","service":"product-service","stack":"Error: Unable to create product at the moment\n    at ProductService.createProduct (file:///Users/faizan/ecommerce-microservices/product-service/dist/services/product-service.js:20:19)\n    at process.processTicksAndRejections (node:internal/process/task_queues:95:5)\n    at async file:///Users/faizan/ecommerce-microservices/product-service/dist/controllers/product-controller.js:7:25","statusCode":500,"timestamp":"2026-03-26T15:36:29.383Z"}
{"duration":"4649ms","level":"info","message":"HTTP Request","method":"POST","params":{},"query":{},"service":"product-service","status":500,"timestamp":"2026-03-26T15:36:29.388Z","url":"/api/v1/products"}
{"duration":"3226ms","level":"info","message":"HTTP Request","method":"POST","params":{},"query":{},"service":"product-service","status":201,"timestamp":"2026-03-26T15:36:54.288Z","url":"/api/v1/products"}
{"level":"info","message":"Product service running on port 3002","service":"product-service","timestamp":"2026-03-26T17:51:32.013Z"}
{"level":"info","message":"Redis connected","service":"product-service","timestamp":"2026-03-26T17:51:32.156Z"}
{"level":"info","message":"Redis ready","service":"product-service","timestamp":"2026-03-26T17:51:32.171Z"}
{"level":"info","message":"Product service running on port 3002","service":"product-service","timestamp":"2026-03-26T17:51:35.779Z"}
{"level":"info","message":"Redis connected","service":"product-service","timestamp":"2026-03-26T17:51:35.843Z"}
{"level":"info","message":"Redis ready","service":"product-service","timestamp":"2026-03-26T17:51:35.850Z"}
{"level":"info","message":"Product service running on port 3002","service":"product-service","timestamp":"2026-03-26T17:51:56.115Z"}
{"level":"info","message":"Redis connected","service":"product-service","timestamp":"2026-03-26T17:51:56.132Z"}
{"level":"info","message":"Redis ready","service":"product-service","timestamp":"2026-03-26T17:51:56.142Z"}
{"level":"info","message":"Product service running on port 3002","service":"product-service","timestamp":"2026-03-26T17:53:20.791Z"}
{"level":"info","message":"Redis connected","service":"product-service","timestamp":"2026-03-26T17:53:20.874Z"}
{"level":"info","message":"Redis ready","service":"product-service","timestamp":"2026-03-26T17:53:20.899Z"}
{"level":"info","message":"Product service running on port 3002","service":"product-service","timestamp":"2026-03-26T17:53:41.767Z"}
{"level":"info","message":"Redis connected","service":"product-service","timestamp":"2026-03-26T17:53:41.781Z"}
{"level":"info","message":"Redis ready","service":"product-service","timestamp":"2026-03-26T17:53:41.784Z"}
{"level":"info","message":"Product service running on port 3002","service":"product-service","timestamp":"2026-03-26T17:53:46.590Z"}
{"level":"info","message":"Redis connected","service":"product-service","timestamp":"2026-03-26T17:53:46.614Z"}
{"level":"info","message":"Redis ready","service":"product-service","timestamp":"2026-03-26T17:53:46.624Z"}
{"level":"info","message":"Product service running on port 3002","service":"product-service","timestamp":"2026-03-26T17:56:08.373Z"}
{"level":"info","message":"Redis connected","service":"product-service","timestamp":"2026-03-26T17:56:08.387Z"}
{"level":"info","message":"Redis ready","service":"product-service","timestamp":"2026-03-26T17:56:08.397Z"}
{"level":"info","message":"Product service running on port 3002","service":"product-service","timestamp":"2026-03-26T17:58:07.629Z"}
{"level":"info","message":"Redis connected","service":"product-service","timestamp":"2026-03-26T17:58:07.646Z"}
{"level":"info","message":"Redis ready","service":"product-service","timestamp":"2026-03-26T17:58:07.662Z"}
{"duration":"29ms","level":"info","message":"HTTP Request","method":"POST","params":{},"query":{},"service":"product-service","status":404,"timestamp":"2026-03-28T11:57:23.711Z","url":"/api/post/create-post"}
{"duration":"3ms","level":"info","message":"HTTP Request","method":"POST","params":{},"query":{},"service":"product-service","status":404,"timestamp":"2026-03-28T11:58:33.630Z","url":"/api/post/create-post"}
{"duration":"2ms","level":"info","message":"HTTP Request","method":"POST","params":{},"query":{},"service":"product-service","status":404,"timestamp":"2026-03-28T12:02:35.513Z","url":"/api/post/create-post"}
{"duration":"4ms","level":"info","message":"HTTP Request","method":"POST","params":{},"query":{},"service":"product-service","status":404,"timestamp":"2026-03-28T12:02:37.082Z","url":"/api/post/create-post"}
{"duration":"9ms","level":"info","message":"HTTP Request","method":"POST","params":{},"query":{},"service":"product-service","status":404,"timestamp":"2026-03-28T12:04:41.335Z","url":"/api/post/create-post"}
{"duration":"4ms","level":"info","message":"HTTP Request","method":"POST","params":{},"query":{},"service":"product-service","status":404,"timestamp":"2026-03-28T12:04:42.289Z","url":"/api/post/create-post"}
{"duration":"3ms","level":"info","message":"HTTP Request","method":"POST","params":{},"query":{},"service":"product-service","status":404,"timestamp":"2026-03-28T12:04:43.081Z","url":"/api/post/create-post"}
{"duration":"4ms","level":"info","message":"HTTP Request","method":"POST","params":{},"query":{},"service":"product-service","status":404,"timestamp":"2026-03-28T12:04:43.822Z","url":"/api/post/create-post"}
{"duration":"4ms","level":"info","message":"HTTP Request","method":"POST","params":{},"query":{},"service":"product-service","status":404,"timestamp":"2026-03-28T12:05:55.600Z","url":"/api/post/create-post"}
{"duration":"5ms","level":"info","message":"HTTP Request","method":"POST","params":{},"query":{},"service":"product-service","status":404,"timestamp":"2026-03-28T12:06:14.034Z","url":"/api/post/create-post"}
{"duration":"1ms","level":"info","message":"HTTP Request","method":"POST","params":{},"query":{},"service":"product-service","status":404,"timestamp":"2026-03-28T12:06:15.029Z","url":"/api/post/create-post"}
{"duration":"0ms","level":"info","message":"HTTP Request","method":"POST","params":{},"query":{},"service":"product-service","status":404,"timestamp":"2026-03-28T12:06:15.666Z","url":"/api/post/create-post"}
{"duration":"0ms","level":"info","message":"HTTP Request","method":"POST","params":{},"query":{},"service":"product-service","status":404,"timestamp":"2026-03-28T12:06:45.703Z","url":"/api/post/create-post"}
{"duration":"0ms","level":"info","message":"HTTP Request","method":"POST","params":{},"query":{},"service":"product-service","status":404,"timestamp":"2026-03-28T12:06:46.531Z","url":"/api/post/create-post"}
{"duration":"1ms","level":"info","message":"HTTP Request","method":"POST","params":{},"query":{},"service":"product-service","status":404,"timestamp":"2026-03-28T12:06:47.155Z","url":"/api/post/create-post"}
{"duration":"1ms","level":"info","message":"HTTP Request","method":"POST","params":{},"query":{},"service":"product-service","status":404,"timestamp":"2026-03-28T12:10:05.829Z","url":"/api/post/create-post"}
{"duration":"0ms","level":"info","message":"HTTP Request","method":"POST","params":{},"query":{},"service":"product-service","status":404,"timestamp":"2026-03-28T12:10:06.604Z","url":"/api/post/create-post"}
{"duration":"2ms","level":"info","message":"HTTP Request","method":"POST","params":{},"query":{},"service":"product-service","status":404,"timestamp":"2026-03-28T12:10:07.396Z","url":"/api/post/create-post"}
{"duration":"2ms","level":"info","message":"HTTP Request","method":"POST","params":{},"query":{},"service":"product-service","status":404,"timestamp":"2026-03-28T12:10:08.127Z","url":"/api/post/create-post"}
{"duration":"0ms","level":"info","message":"HTTP Request","method":"POST","params":{},"query":{},"service":"product-service","status":404,"timestamp":"2026-03-28T12:10:09.332Z","url":"/api/post/create-post"}
{"duration":"1ms","level":"info","message":"HTTP Request","method":"POST","params":{},"query":{},"service":"product-service","status":404,"timestamp":"2026-03-28T12:10:55.702Z","url":"/api/post/create-post"}
{"duration":"8ms","level":"info","message":"HTTP Request","method":"POST","params":{},"query":{},"service":"product-service","status":404,"timestamp":"2026-03-28T12:23:36.079Z","url":"/api/post/create-post"}
{"level":"info","message":"Redis shutting down due to SIGINT","service":"product-service","timestamp":"2026-03-28T12:23:49.584Z"}
{"level":"info","message":"Redis disconnected","service":"product-service","timestamp":"2026-03-28T12:23:49.631Z"}
{"level":"info","message":"Product service running on port 3002","service":"product-service","timestamp":"2026-03-31T14:31:36.703Z"}
{"level":"info","message":"Redis connected","service":"product-service","timestamp":"2026-03-31T14:31:36.729Z"}
{"level":"info","message":"Redis ready","service":"product-service","timestamp":"2026-03-31T14:31:36.748Z"}
{"level":"info","message":"Product service running on port 3002","service":"product-service","timestamp":"2026-03-31T14:31:44.557Z"}
{"level":"info","message":"Redis connected","service":"product-service","timestamp":"2026-03-31T14:31:44.587Z"}
{"level":"info","message":"Redis ready","service":"product-service","timestamp":"2026-03-31T14:31:44.603Z"}
{"level":"info","message":"Product service running on port 3002","service":"product-service","timestamp":"2026-03-31T14:43:25.471Z"}
{"level":"info","message":"Redis connected","service":"product-service","timestamp":"2026-03-31T14:43:25.510Z"}
{"level":"info","message":"Redis ready","service":"product-service","timestamp":"2026-03-31T14:43:25.522Z"}
{"level":"info","message":"Product service running on port 3002","service":"product-service","timestamp":"2026-04-24T16:57:53.544Z"}
{"level":"info","message":"Redis connected","service":"product-service","timestamp":"2026-04-24T16:57:53.559Z"}
{"level":"info","message":"Redis ready","service":"product-service","timestamp":"2026-04-24T16:57:53.572Z"}
{"level":"info","message":"Product service running on port 3002","service":"product-service","timestamp":"2026-04-24T16:58:01.220Z"}
{"level":"info","message":"Redis connected","service":"product-service","timestamp":"2026-04-24T16:58:01.245Z"}
{"level":"info","message":"Redis ready","service":"product-service","timestamp":"2026-04-24T16:58:01.256Z"}
{"duration":"151ms","level":"info","message":"HTTP Request","method":"GET","params":{},"query":{},"service":"product-service","status":404,"timestamp":"2026-04-24T16:58:04.850Z","url":"/2b2edc0d-a646-49fe-841d-4851e6242315"}
{"duration":"1ms","level":"info","message":"HTTP Request","method":"GET","params":{},"query":{},"service":"product-service","status":404,"timestamp":"2026-04-24T16:58:45.912Z","url":"/2b2edc0d-a646-49fe-841d-4851e6242315"}
{"level":"error","message":"Product not found","method":"GET","path":"/api/products/2b2edc0d-a646-49fe-841d-4851e6242315","service":"product-service","stack":"Error: Product not found\n    at ProductService.getProductById (file:///Users/faizan/ecommerce-microservices/product-service/dist/services/product-service.js:63:19)\n    at process.processTicksAndRejections (node:internal/process/task_queues:95:5)\n    at async file:///Users/faizan/ecommerce-microservices/product-service/dist/controllers/product-controller.js:21:25","statusCode":404,"timestamp":"2026-04-24T16:59:34.513Z"}
{"duration":"7501ms","level":"info","message":"HTTP Request","method":"GET","params":{},"query":{},"service":"product-service","status":404,"timestamp":"2026-04-24T16:59:34.516Z","url":"/api/products/2b2edc0d-a646-49fe-841d-4851e6242315"}
{"duration":"3ms","level":"info","message":"HTTP Request","method":"POST","params":{},"query":{},"service":"product-service","status":404,"timestamp":"2026-04-24T17:42:46.589Z","url":"/api/v1/products"}
{"level":"error","message":"Unauthorized","method":"POST","path":"/api/products/","service":"product-service","stack":"Error: Unauthorized\n    at gatewayAuth (file:///Users/faizan/ecommerce-microservices/product-service/dist/middlewares/authMiddleware.js:13:21)\n    at Layer.handleRequest (/Users/faizan/ecommerce-microservices/product-service/node_modules/router/lib/layer.js:152:17)\n    at next (/Users/faizan/ecommerce-microservices/product-service/node_modules/router/lib/route.js:157:13)\n    at Route.dispatch (/Users/faizan/ecommerce-microservices/product-service/node_modules/router/lib/route.js:117:3)\n    at handle (/Users/faizan/ecommerce-microservices/product-service/node_modules/router/index.js:435:11)\n    at Layer.handleRequest (/Users/faizan/ecommerce-microservices/product-service/node_modules/router/lib/layer.js:152:17)\n    at /Users/faizan/ecommerce-microservices/product-service/node_modules/router/index.js:295:15\n    at processParams (/Users/faizan/ecommerce-microservices/product-service/node_modules/router/index.js:582:12)\n    at next (/Users/faizan/ecommerce-microservices/product-service/node_modules/router/index.js:291:5)\n    at Function.handle (/Users/faizan/ecommerce-microservices/product-service/node_modules/router/index.js:186:3)","statusCode":401,"timestamp":"2026-04-24T17:43:12.000Z"}
{"duration":"22ms","level":"info","message":"HTTP Request","method":"POST","params":{},"query":{},"service":"product-service","status":401,"timestamp":"2026-04-24T17:43:12.021Z","url":"/api/products/"}
{"level":"warn","message":"Unauthorized person tried to access admin only feature user:cmnynao3y0001f5gnbcvx6xk9","service":"product-service","timestamp":"2026-04-24T17:44:08.891Z"}
{"level":"warn","message":"Unauthorized person tried to access admin only feature user:cmnynao3y0001f5gnbcvx6xk9","service":"product-service","timestamp":"2026-04-24T17:48:31.230Z"}
{"level":"info","message":"Product service running on port 3002","service":"product-service","timestamp":"2026-04-24T17:49:25.566Z"}
{"level":"info","message":"Redis connected","service":"product-service","timestamp":"2026-04-24T17:49:25.579Z"}
{"level":"info","message":"Redis ready","service":"product-service","timestamp":"2026-04-24T17:49:25.594Z"}
{"level":"warn","message":"Unauthorized person tried to access admin only feature user:cmnynao3y0001f5gnbcvx6xk9","service":"product-service","timestamp":"2026-04-24T17:49:28.063Z"}
{"level":"info","message":"Product service running on port 3002","service":"product-service","timestamp":"2026-04-24T17:49:35.661Z"}
{"level":"info","message":"Redis connected","service":"product-service","timestamp":"2026-04-24T17:49:35.670Z"}
{"level":"info","message":"Redis ready","service":"product-service","timestamp":"2026-04-24T17:49:35.682Z"}
{"level":"warn","message":"Unauthorized person tried to access admin only feature user:cmnynao3y0001f5gnbcvx6xk9","service":"product-service","timestamp":"2026-04-24T17:49:42.594Z"}
{"level":"info","message":"Product service running on port 3002","service":"product-service","timestamp":"2026-04-24T17:55:56.242Z"}
{"level":"info","message":"Redis connected","service":"product-service","timestamp":"2026-04-24T17:55:56.257Z"}
{"level":"info","message":"Redis ready","service":"product-service","timestamp":"2026-04-24T17:55:56.262Z"}
{"level":"info","message":"Product service running on port 3002","service":"product-service","timestamp":"2026-04-24T17:56:03.361Z"}
{"level":"info","message":"Redis connected","service":"product-service","timestamp":"2026-04-24T17:56:03.377Z"}
{"level":"info","message":"Redis ready","service":"product-service","timestamp":"2026-04-24T17:56:03.383Z"}
{"level":"warn","message":"Unauthorized person tried to access admin only feature user:cmnynao3y0001f5gnbcvx6xk9","service":"product-service","timestamp":"2026-04-24T17:56:56.037Z"}
{"level":"info","message":"Product service running on port 3002","service":"product-service","timestamp":"2026-04-24T17:58:11.568Z"}
{"level":"info","message":"Redis connected","service":"product-service","timestamp":"2026-04-24T17:58:11.580Z"}
{"level":"info","message":"Redis ready","service":"product-service","timestamp":"2026-04-24T17:58:11.585Z"}
{"level":"info","message":"Product service running on port 3002","service":"product-service","timestamp":"2026-04-24T17:58:23.533Z"}
{"level":"info","message":"Redis connected","service":"product-service","timestamp":"2026-04-24T17:58:23.540Z"}
{"level":"info","message":"Redis ready","service":"product-service","timestamp":"2026-04-24T17:58:23.550Z"}
{"level":"error","message":"Product slug already exists","method":"POST","path":"/api/products/","service":"product-service","stack":"Error: Product slug already exists\n    at ProductService.createProduct (file:///Users/faizan/ecommerce-microservices/product-service/dist/services/product-service.js:24:19)\n    at process.processTicksAndRejections (node:internal/process/task_queues:95:5)\n    at async file:///Users/faizan/ecommerce-microservices/product-service/dist/controllers/product-controller.js:7:25","statusCode":400,"timestamp":"2026-04-24T17:58:45.496Z"}
{"duration":"5359ms","level":"info","message":"HTTP Request","method":"POST","params":{},"query":{},"service":"product-service","status":400,"timestamp":"2026-04-24T17:58:45.502Z","url":"/api/products/"}
{"level":"error","message":"Duplicate field value","method":"POST","path":"/api/products/","service":"product-service","stack":"Error: Duplicate field value\n    at mapPrismaError (file:///Users/faizan/ecommerce-microservices/product-service/dist/lib/prismaError.js:7:24)\n    at ProductRepository.createProduct (file:///Users/faizan/ecommerce-microservices/product-service/dist/repositories/product-repository.js:108:19)\n    at process.processTicksAndRejections (node:internal/process/task_queues:95:5)\n    at async ProductService.createProduct (file:///Users/faizan/ecommerce-microservices/product-service/dist/services/product-service.js:25:25)\n    at async file:///Users/faizan/ecommerce-microservices/product-service/dist/controllers/product-controller.js:7:25","statusCode":409,"timestamp":"2026-04-24T17:59:02.073Z"}
{"duration":"3318ms","level":"info","message":"HTTP Request","method":"POST","params":{},"query":{},"service":"product-service","status":409,"timestamp":"2026-04-24T17:59:02.075Z","url":"/api/products/"}
{"errors":["\"basePrice\" must be a number"],"level":"warn","message":"Validation failed","method":"POST","path":"/api/products/","service":"product-service","source":"body","timestamp":"2026-04-24T17:59:21.795Z"}
{"level":"error","message":"Validation error","method":"POST","path":"/api/products/","service":"product-service","stack":"Error: Validation error\n    at file:///Users/faizan/ecommerce-microservices/product-service/dist/middlewares/validateMiddleware.js:18:25\n    at Layer.handleRequest (/Users/faizan/ecommerce-microservices/product-service/node_modules/router/lib/layer.js:152:17)\n    at next (/Users/faizan/ecommerce-microservices/product-service/node_modules/router/lib/route.js:157:13)\n    at file:///Users/faizan/ecommerce-microservices/product-service/node_modules/express-rate-limit/dist/index.mjs:918:7\n    at process.processTicksAndRejections (node:internal/process/task_queues:95:5)\n    at async file:///Users/faizan/ecommerce-microservices/product-service/node_modules/express-rate-limit/dist/index.mjs:801:5","statusCode":400,"timestamp":"2026-04-24T17:59:21.796Z"}
{"duration":"8ms","level":"info","message":"HTTP Request","method":"POST","params":{},"query":{},"service":"product-service","status":400,"timestamp":"2026-04-24T17:59:21.798Z","url":"/api/products/"}
{"errors":["\"basePrice\" must be a number"],"level":"warn","message":"Validation failed","method":"POST","path":"/api/products/","service":"product-service","source":"body","timestamp":"2026-04-24T17:59:23.152Z"}
{"level":"error","message":"Validation error","method":"POST","path":"/api/products/","service":"product-service","stack":"Error: Validation error\n    at file:///Users/faizan/ecommerce-microservices/product-service/dist/middlewares/validateMiddleware.js:18:25\n    at Layer.handleRequest (/Users/faizan/ecommerce-microservices/product-service/node_modules/router/lib/layer.js:152:17)\n    at next (/Users/faizan/ecommerce-microservices/product-service/node_modules/router/lib/route.js:157:13)\n    at file:///Users/faizan/ecommerce-microservices/product-service/node_modules/express-rate-limit/dist/index.mjs:918:7\n    at process.processTicksAndRejections (node:internal/process/task_queues:95:5)\n    at async file:///Users/faizan/ecommerce-microservices/product-service/node_modules/express-rate-limit/dist/index.mjs:801:5","statusCode":400,"timestamp":"2026-04-24T17:59:23.153Z"}
{"duration":"3ms","level":"info","message":"HTTP Request","method":"POST","params":{},"query":{},"service":"product-service","status":400,"timestamp":"2026-04-24T17:59:23.154Z","url":"/api/products/"}
{"level":"error","message":"Duplicate field value","method":"POST","path":"/api/products/","service":"product-service","stack":"Error: Duplicate field value\n    at mapPrismaError (file:///Users/faizan/ecommerce-microservices/product-service/dist/lib/prismaError.js:7:24)\n    at ProductRepository.createProduct (file:///Users/faizan/ecommerce-microservices/product-service/dist/repositories/product-repository.js:108:19)\n    at process.processTicksAndRejections (node:internal/process/task_queues:95:5)\n    at async ProductService.createProduct (file:///Users/faizan/ecommerce-microservices/product-service/dist/services/product-service.js:25:25)\n    at async file:///Users/faizan/ecommerce-microservices/product-service/dist/controllers/product-controller.js:7:25","statusCode":409,"timestamp":"2026-04-24T17:59:42.170Z"}
{"duration":"5582ms","level":"info","message":"HTTP Request","method":"POST","params":{},"query":{},"service":"product-service","status":409,"timestamp":"2026-04-24T17:59:42.171Z","url":"/api/products/"}
{"duration":"3695ms","level":"info","message":"HTTP Request","method":"POST","params":{},"query":{},"service":"product-service","status":201,"timestamp":"2026-04-24T18:00:08.245Z","url":"/api/products/"}
{"duration":"6785ms","level":"info","message":"HTTP Request","method":"GET","params":{"id":"7f3ee006-85c2-4feb-8143-72c9f97730e5"},"query":{},"service":"product-service","status":200,"timestamp":"2026-04-24T18:01:47.279Z","url":"/api/products/7f3ee006-85c2-4feb-8143-72c9f97730e5"}
{"duration":"4ms","level":"info","message":"HTTP Request","method":"GET","params":{"id":"7f3ee006-85c2-4feb-8143-72c9f97730e5"},"query":{},"service":"product-service","status":200,"timestamp":"2026-04-24T18:01:51.272Z","url":"/api/products/7f3ee006-85c2-4feb-8143-72c9f97730e5"}
{"duration":"8660ms","level":"info","message":"HTTP Request","method":"GET","params":{"id":"7f3ee006-85c2-4feb-8143-72c9f97730e5"},"query":{},"service":"product-service","status":200,"timestamp":"2026-04-24T18:02:58.375Z","url":"/api/products/7f3ee006-85c2-4feb-8143-72c9f97730e5"}
{"duration":"4557ms","level":"info","message":"HTTP Request","method":"GET","params":{"id":"7f3ee006-85c2-4feb-8143-72c9f97730e5"},"query":{},"service":"product-service","status":200,"timestamp":"2026-04-24T18:03:23.872Z","url":"/api/products/7f3ee006-85c2-4feb-8143-72c9f97730e5"}
{"level":"error","message":"Unexpected database error","method":"GET","path":"/api/products/7f3ee006-85c2-4feb-8143-72c9f97730e5","service":"product-service","stack":"Error: Unexpected database error\n    at mapPrismaError (file:///Users/faizan/ecommerce-microservices/product-service/dist/lib/prismaError.js:14:12)\n    at ProductRepository.getProductById (file:///Users/faizan/ecommerce-microservices/product-service/dist/repositories/product-repository.js:152:19)\n    at process.processTicksAndRejections (node:internal/process/task_queues:95:5)\n    at async ProductService.getProductById (file:///Users/faizan/ecommerce-microservices/product-service/dist/services/product-service.js:61:25)\n    at async file:///Users/faizan/ecommerce-microservices/product-service/dist/controllers/product-controller.js:21:25","statusCode":500,"timestamp":"2026-04-24T18:08:46.469Z"}
{"duration":"6761ms","level":"info","message":"HTTP Request","method":"GET","params":{},"query":{},"service":"product-service","status":500,"timestamp":"2026-04-24T18:08:46.474Z","url":"/api/products/7f3ee006-85c2-4feb-8143-72c9f97730e5"}
{"duration":"6149ms","level":"info","message":"HTTP Request","method":"GET","params":{"id":"7f3ee006-85c2-4feb-8143-72c9f97730e5"},"query":{},"service":"product-service","status":200,"timestamp":"2026-04-24T18:09:06.400Z","url":"/api/products/7f3ee006-85c2-4feb-8143-72c9f97730e5"}
{"duration":"1ms","level":"info","message":"HTTP Request","method":"GET","params":{"id":"7f3ee006-85c2-4feb-8143-72c9f97730e5"},"query":{},"service":"product-service","status":200,"timestamp":"2026-04-24T18:09:12.148Z","url":"/api/products/7f3ee006-85c2-4feb-8143-72c9f97730e5"}
{"errors":["\"categoryId\" must be a valid GUID"],"level":"warn","message":"Validation failed","method":"POST","path":"/api/products/","service":"product-service","source":"body","timestamp":"2026-04-24T18:10:24.037Z"}
{"level":"error","message":"Validation error","method":"POST","path":"/api/products/","service":"product-service","stack":"Error: Validation error\n    at file:///Users/faizan/ecommerce-microservices/product-service/dist/middlewares/validateMiddleware.js:18:25\n    at Layer.handleRequest (/Users/faizan/ecommerce-microservices/product-service/node_modules/router/lib/layer.js:152:17)\n    at next (/Users/faizan/ecommerce-microservices/product-service/node_modules/router/lib/route.js:157:13)\n    at file:///Users/faizan/ecommerce-microservices/product-service/node_modules/express-rate-limit/dist/index.mjs:918:7\n    at process.processTicksAndRejections (node:internal/process/task_queues:95:5)\n    at async file:///Users/faizan/ecommerce-microservices/product-service/node_modules/express-rate-limit/dist/index.mjs:801:5","statusCode":400,"timestamp":"2026-04-24T18:10:24.037Z"}
{"duration":"35ms","level":"info","message":"HTTP Request","method":"POST","params":{},"query":{},"service":"product-service","status":400,"timestamp":"2026-04-24T18:10:24.039Z","url":"/api/products/"}
{"errors":["\"categoryId\" must be a valid GUID"],"level":"warn","message":"Validation failed","method":"POST","path":"/api/products/","service":"product-service","source":"body","timestamp":"2026-04-24T18:11:04.073Z"}
{"level":"error","message":"Validation error","method":"POST","path":"/api/products/","service":"product-service","stack":"Error: Validation error\n    at file:///Users/faizan/ecommerce-microservices/product-service/dist/middlewares/validateMiddleware.js:18:25\n    at Layer.handleRequest (/Users/faizan/ecommerce-microservices/product-service/node_modules/router/lib/layer.js:152:17)\n    at next (/Users/faizan/ecommerce-microservices/product-service/node_modules/router/lib/route.js:157:13)\n    at file:///Users/faizan/ecommerce-microservices/product-service/node_modules/express-rate-limit/dist/index.mjs:918:7\n    at process.processTicksAndRejections (node:internal/process/task_queues:95:5)\n    at async file:///Users/faizan/ecommerce-microservices/product-service/node_modules/express-rate-limit/dist/index.mjs:801:5","statusCode":400,"timestamp":"2026-04-24T18:11:04.073Z"}
{"duration":"6ms","level":"info","message":"HTTP Request","method":"POST","params":{},"query":{},"service":"product-service","status":400,"timestamp":"2026-04-24T18:11:04.076Z","url":"/api/products/"}
{"errors":["\"categoryId\" must be a valid GUID"],"level":"warn","message":"Validation failed","method":"POST","path":"/api/products/","service":"product-service","source":"body","timestamp":"2026-04-24T18:11:06.326Z"}
{"level":"error","message":"Validation error","method":"POST","path":"/api/products/","service":"product-service","stack":"Error: Validation error\n    at file:///Users/faizan/ecommerce-microservices/product-service/dist/middlewares/validateMiddleware.js:18:25\n    at Layer.handleRequest (/Users/faizan/ecommerce-microservices/product-service/node_modules/router/lib/layer.js:152:17)\n    at next (/Users/faizan/ecommerce-microservices/product-service/node_modules/router/lib/route.js:157:13)\n    at file:///Users/faizan/ecommerce-microservices/product-service/node_modules/express-rate-limit/dist/index.mjs:918:7\n    at process.processTicksAndRejections (node:internal/process/task_queues:95:5)\n    at async file:///Users/faizan/ecommerce-microservices/product-service/node_modules/express-rate-limit/dist/index.mjs:801:5","statusCode":400,"timestamp":"2026-04-24T18:11:06.327Z"}
{"duration":"4ms","level":"info","message":"HTTP Request","method":"POST","params":{},"query":{},"service":"product-service","status":400,"timestamp":"2026-04-24T18:11:06.328Z","url":"/api/products/"}
{"errors":["\"categoryId\" must be a valid GUID"],"level":"warn","message":"Validation failed","method":"POST","path":"/api/products/","service":"product-service","source":"body","timestamp":"2026-04-24T18:11:40.482Z"}
{"level":"error","message":"Validation error","method":"POST","path":"/api/products/","service":"product-service","stack":"Error: Validation error\n    at file:///Users/faizan/ecommerce-microservices/product-service/dist/middlewares/validateMiddleware.js:18:25\n    at Layer.handleRequest (/Users/faizan/ecommerce-microservices/product-service/node_modules/router/lib/layer.js:152:17)\n    at next (/Users/faizan/ecommerce-microservices/product-service/node_modules/router/lib/route.js:157:13)\n    at file:///Users/faizan/ecommerce-microservices/product-service/node_modules/express-rate-limit/dist/index.mjs:918:7\n    at process.processTicksAndRejections (node:internal/process/task_queues:95:5)\n    at async file:///Users/faizan/ecommerce-microservices/product-service/node_modules/express-rate-limit/dist/index.mjs:801:5","statusCode":400,"timestamp":"2026-04-24T18:11:40.483Z"}
{"duration":"9ms","level":"info","message":"HTTP Request","method":"POST","params":{},"query":{},"service":"product-service","status":400,"timestamp":"2026-04-24T18:11:40.489Z","url":"/api/products/"}
{"errors":["\"categoryId\" must be a valid GUID"],"level":"warn","message":"Validation failed","method":"POST","path":"/api/products/","service":"product-service","source":"body","timestamp":"2026-04-24T18:11:42.401Z"}
{"level":"error","message":"Validation error","method":"POST","path":"/api/products/","service":"product-service","stack":"Error: Validation error\n    at file:///Users/faizan/ecommerce-microservices/product-service/dist/middlewares/validateMiddleware.js:18:25\n    at Layer.handleRequest (/Users/faizan/ecommerce-microservices/product-service/node_modules/router/lib/layer.js:152:17)\n    at next (/Users/faizan/ecommerce-microservices/product-service/node_modules/router/lib/route.js:157:13)\n    at file:///Users/faizan/ecommerce-microservices/product-service/node_modules/express-rate-limit/dist/index.mjs:918:7\n    at process.processTicksAndRejections (node:internal/process/task_queues:95:5)\n    at async file:///Users/faizan/ecommerce-microservices/product-service/node_modules/express-rate-limit/dist/index.mjs:801:5","statusCode":400,"timestamp":"2026-04-24T18:11:42.401Z"}
{"duration":"5ms","level":"info","message":"HTTP Request","method":"POST","params":{},"query":{},"service":"product-service","status":400,"timestamp":"2026-04-24T18:11:42.402Z","url":"/api/products/"}
{"duration":"4622ms","level":"info","message":"HTTP Request","method":"POST","params":{},"query":{},"service":"product-service","status":201,"timestamp":"2026-04-24T18:13:24.139Z","url":"/api/products/"}
{"duration":"8494ms","level":"info","message":"HTTP Request","method":"GET","params":{"id":"251f9117-9ff2-469f-aff4-6fc8c4fb8af5"},"query":{},"service":"product-service","status":200,"timestamp":"2026-04-24T18:13:56.117Z","url":"/api/products/251f9117-9ff2-469f-aff4-6fc8c4fb8af5"}
{"duration":"5ms","level":"info","message":"HTTP Request","method":"GET","params":{"id":"251f9117-9ff2-469f-aff4-6fc8c4fb8af5"},"query":{},"service":"product-service","status":200,"timestamp":"2026-04-24T18:14:00.354Z","url":"/api/products/251f9117-9ff2-469f-aff4-6fc8c4fb8af5"}
{"level":"info","message":"Product service running on port 3002","service":"product-service","timestamp":"2026-04-24T18:31:10.597Z"}
{"level":"info","message":"Redis connected","service":"product-service","timestamp":"2026-04-24T18:31:10.613Z"}
{"level":"info","message":"Redis ready","service":"product-service","timestamp":"2026-04-24T18:31:10.622Z"}
{"level":"info","message":"Product service running on port 3002","service":"product-service","timestamp":"2026-04-24T18:31:29.858Z"}
{"level":"info","message":"Redis connected","service":"product-service","timestamp":"2026-04-24T18:31:29.868Z"}
{"level":"info","message":"Redis ready","service":"product-service","timestamp":"2026-04-24T18:31:29.874Z"}
{"duration":"8859ms","level":"info","message":"HTTP Request","method":"GET","params":{"id":"251f9117-9ff2-469f-aff4-6fc8c4fb8af5"},"query":{},"service":"product-service","status":200,"timestamp":"2026-04-24T18:32:15.974Z","url":"/api/products/251f9117-9ff2-469f-aff4-6fc8c4fb8af5"}
{"duration":"5ms","level":"info","message":"HTTP Request","method":"GET","params":{"id":"251f9117-9ff2-469f-aff4-6fc8c4fb8af5"},"query":{},"service":"product-service","status":200,"timestamp":"2026-04-24T18:32:24.983Z","url":"/api/products/251f9117-9ff2-469f-aff4-6fc8c4fb8af5"}
{"level":"error","message":"Duplicate field value","method":"POST","path":"/api/products/","service":"product-service","stack":"Error: Duplicate field value\n    at mapPrismaError (file:///Users/faizan/ecommerce-microservices/product-service/dist/lib/prismaError.js:7:24)\n    at ProductRepository.createProduct (file:///Users/faizan/ecommerce-microservices/product-service/dist/repositories/product-repository.js:109:19)\n    at process.processTicksAndRejections (node:internal/process/task_queues:95:5)\n    at async ProductService.createProduct (file:///Users/faizan/ecommerce-microservices/product-service/dist/services/product-service.js:25:25)\n    at async file:///Users/faizan/ecommerce-microservices/product-service/dist/controllers/product-controller.js:7:25","statusCode":409,"timestamp":"2026-04-24T18:33:04.532Z"}
{"duration":"5283ms","level":"info","message":"HTTP Request","method":"POST","params":{},"query":{},"service":"product-service","status":409,"timestamp":"2026-04-24T18:33:04.533Z","url":"/api/products/"}
{"duration":"7142ms","level":"info","message":"HTTP Request","method":"POST","params":{},"query":{},"service":"product-service","status":201,"timestamp":"2026-04-24T18:33:44.922Z","url":"/api/products/"}
{"duration":"4ms","level":"info","message":"HTTP Request","method":"GET","params":{"id":"251f9117-9ff2-469f-aff4-6fc8c4fb8af5"},"query":{},"service":"product-service","status":200,"timestamp":"2026-04-24T18:33:56.616Z","url":"/api/products/251f9117-9ff2-469f-aff4-6fc8c4fb8af5"}
{"duration":"6703ms","level":"info","message":"HTTP Request","method":"GET","params":{"id":"86a975a3-9ce5-472f-a282-d3225a5b7671"},"query":{},"service":"product-service","status":200,"timestamp":"2026-04-24T18:34:33.506Z","url":"/api/products/86a975a3-9ce5-472f-a282-d3225a5b7671"}
{"level":"info","message":"Product service running on port 3002","service":"product-service","timestamp":"2026-04-25T11:58:27.422Z"}
{"level":"info","message":"Redis connected","service":"product-service","timestamp":"2026-04-25T11:58:27.429Z"}
{"level":"info","message":"Redis ready","service":"product-service","timestamp":"2026-04-25T11:58:27.440Z"}
{"level":"info","message":"Product service running on port 3002","service":"product-service","timestamp":"2026-04-25T11:58:40.754Z"}
{"level":"info","message":"Redis connected","service":"product-service","timestamp":"2026-04-25T11:58:40.805Z"}
{"level":"info","message":"Redis ready","service":"product-service","timestamp":"2026-04-25T11:58:40.812Z"}
{"duration":"8863ms","level":"info","message":"HTTP Request","method":"POST","params":{},"query":{},"service":"product-service","status":201,"timestamp":"2026-04-25T12:00:56.059Z","url":"/api/products/"}
{"duration":"5543ms","level":"info","message":"HTTP Request","method":"GET","params":{"id":"86a975a3-9ce5-472f-a282-d3225a5b7671"},"query":{},"service":"product-service","status":200,"timestamp":"2026-04-25T12:02:21.560Z","url":"/api/products/86a975a3-9ce5-472f-a282-d3225a5b7671"}
{"duration":"2ms","level":"info","message":"HTTP Request","method":"GET","params":{"id":"86a975a3-9ce5-472f-a282-d3225a5b7671"},"query":{},"service":"product-service","status":200,"timestamp":"2026-04-25T12:02:28.985Z","url":"/api/products/86a975a3-9ce5-472f-a282-d3225a5b7671"}
{"duration":"1ms","level":"info","message":"HTTP Request","method":"GET","params":{"id":"86a975a3-9ce5-472f-a282-d3225a5b7671"},"query":{},"service":"product-service","status":200,"timestamp":"2026-04-25T12:02:30.621Z","url":"/api/products/86a975a3-9ce5-472f-a282-d3225a5b7671"}
{"duration":"2ms","level":"info","message":"HTTP Request","method":"GET","params":{"id":"86a975a3-9ce5-472f-a282-d3225a5b7671"},"query":{},"service":"product-service","status":200,"timestamp":"2026-04-25T12:02:31.801Z","url":"/api/products/86a975a3-9ce5-472f-a282-d3225a5b7671"}
{"duration":"5ms","level":"info","message":"HTTP Request","method":"GET","params":{"id":"86a975a3-9ce5-472f-a282-d3225a5b7671"},"query":{},"service":"product-service","status":200,"timestamp":"2026-04-25T12:02:32.813Z","url":"/api/products/86a975a3-9ce5-472f-a282-d3225a5b7671"}
{"duration":"2ms","level":"info","message":"HTTP Request","method":"GET","params":{"id":"86a975a3-9ce5-472f-a282-d3225a5b7671"},"query":{},"service":"product-service","status":200,"timestamp":"2026-04-25T12:02:33.769Z","url":"/api/products/86a975a3-9ce5-472f-a282-d3225a5b7671"}
{"duration":"1ms","level":"info","message":"HTTP Request","method":"GET","params":{"id":"86a975a3-9ce5-472f-a282-d3225a5b7671"},"query":{},"service":"product-service","status":200,"timestamp":"2026-04-25T12:02:35.224Z","url":"/api/products/86a975a3-9ce5-472f-a282-d3225a5b7671"}
{"duration":"2ms","level":"info","message":"HTTP Request","method":"GET","params":{"id":"86a975a3-9ce5-472f-a282-d3225a5b7671"},"query":{},"service":"product-service","status":200,"timestamp":"2026-04-25T12:02:36.293Z","url":"/api/products/86a975a3-9ce5-472f-a282-d3225a5b7671"}
{"duration":"4ms","level":"info","message":"HTTP Request","method":"GET","params":{"id":"86a975a3-9ce5-472f-a282-d3225a5b7671"},"query":{},"service":"product-service","status":200,"timestamp":"2026-04-25T12:02:37.433Z","url":"/api/products/86a975a3-9ce5-472f-a282-d3225a5b7671"}
{"duration":"8930ms","level":"info","message":"HTTP Request","method":"POST","params":{},"query":{},"service":"product-service","status":201,"timestamp":"2026-04-25T12:03:17.341Z","url":"/api/products/"}
{"duration":"9117ms","level":"info","message":"HTTP Request","method":"GET","params":{"id":"89815657-7226-4078-afb2-2bf53b73d8e0"},"query":{},"service":"product-service","status":200,"timestamp":"2026-04-25T12:03:50.099Z","url":"/api/products/89815657-7226-4078-afb2-2bf53b73d8e0"}
{"duration":"4588ms","level":"info","message":"HTTP Request","method":"POST","params":{},"query":{},"service":"product-service","status":201,"timestamp":"2026-04-25T12:04:21.864Z","url":"/api/products/"}
{"duration":"3550ms","level":"info","message":"HTTP Request","method":"GET","params":{"id":"647fa22f-0669-4fc7-a425-7224e442ff01"},"query":{},"service":"product-service","status":200,"timestamp":"2026-04-25T12:04:52.362Z","url":"/api/products/647fa22f-0669-4fc7-a425-7224e442ff01"}
{"duration":"3660ms","level":"info","message":"HTTP Request","method":"POST","params":{},"query":{},"service":"product-service","status":201,"timestamp":"2026-04-25T12:05:34.834Z","url":"/api/products/"}
{"duration":"3509ms","level":"info","message":"HTTP Request","method":"POST","params":{},"query":{},"service":"product-service","status":201,"timestamp":"2026-04-25T12:06:35.632Z","url":"/api/products/"}
{"duration":"3495ms","level":"info","message":"HTTP Request","method":"GET","params":{"id":"e74965ca-de37-4c99-9084-d3e785d2dbab"},"query":{},"service":"product-service","status":200,"timestamp":"2026-04-25T12:07:45.672Z","url":"/api/products/e74965ca-de37-4c99-9084-d3e785d2dbab"}
{"duration":"4540ms","level":"info","message":"HTTP Request","method":"POST","params":{},"query":{},"service":"product-service","status":201,"timestamp":"2026-04-25T12:08:18.531Z","url":"/api/products/"}
{"duration":"4684ms","level":"info","message":"HTTP Request","method":"GET","params":{"id":"9c60ca78-59bb-4bca-85c6-15a95906b30e"},"query":{},"service":"product-service","status":200,"timestamp":"2026-04-25T12:08:47.587Z","url":"/api/products/9c60ca78-59bb-4bca-85c6-15a95906b30e"}
{"level":"info","message":"Product service running on port 3002","service":"product-service","timestamp":"2026-04-25T15:14:05.955Z"}
{"level":"info","message":"Redis connected","service":"product-service","timestamp":"2026-04-25T15:14:05.966Z"}
{"level":"info","message":"Redis ready","service":"product-service","timestamp":"2026-04-25T15:14:05.994Z"}
{"level":"info","message":"Product service running on port 3002","service":"product-service","timestamp":"2026-04-25T15:14:11.449Z"}
{"level":"info","message":"Redis connected","service":"product-service","timestamp":"2026-04-25T15:14:11.506Z"}
{"level":"info","message":"Redis ready","service":"product-service","timestamp":"2026-04-25T15:14:11.520Z"}
{"level":"info","message":"Product service running on port 3002","service":"product-service","timestamp":"2026-04-25T15:14:12.916Z"}
{"level":"info","message":"Redis connected","service":"product-service","timestamp":"2026-04-25T15:14:12.931Z"}
{"level":"info","message":"Redis ready","service":"product-service","timestamp":"2026-04-25T15:14:12.937Z"}
{"level":"info","message":"Product service running on port 3002","service":"product-service","timestamp":"2026-04-25T15:15:40.587Z"}
{"level":"info","message":"Redis connected","service":"product-service","timestamp":"2026-04-25T15:15:40.652Z"}
{"level":"info","message":"Redis ready","service":"product-service","timestamp":"2026-04-25T15:15:40.738Z"}
{"level":"info","message":"Product service running on port 3002","service":"product-service","timestamp":"2026-04-25T15:15:53.944Z"}
{"level":"info","message":"Redis connected","service":"product-service","timestamp":"2026-04-25T15:15:53.951Z"}
{"level":"info","message":"Redis ready","service":"product-service","timestamp":"2026-04-25T15:15:53.958Z"}
{"duration":"3702ms","level":"info","message":"HTTP Request","method":"POST","params":{},"query":{},"service":"product-service","status":201,"timestamp":"2026-04-25T15:16:14.734Z","url":"/api/products/"}
{"duration":"3444ms","level":"info","message":"HTTP Request","method":"GET","params":{"id":"09b46a28-c643-4546-9876-dd936e14f9c0"},"query":{},"service":"product-service","status":200,"timestamp":"2026-04-25T15:16:48.775Z","url":"/api/products/09b46a28-c643-4546-9876-dd936e14f9c0"}
{"duration":"8ms","level":"info","message":"HTTP Request","method":"GET","params":{"id":"09b46a28-c643-4546-9876-dd936e14f9c0"},"query":{},"service":"product-service","status":200,"timestamp":"2026-04-25T15:18:22.395Z","url":"/api/products/09b46a28-c643-4546-9876-dd936e14f9c0"}
{"duration":"3529ms","level":"info","message":"HTTP Request","method":"POST","params":{},"query":{},"service":"product-service","status":201,"timestamp":"2026-04-25T15:18:38.043Z","url":"/api/products/"}
{"duration":"3461ms","level":"info","message":"HTTP Request","method":"GET","params":{"id":"bcbc41a6-c578-4da0-b5b2-afe0e8a9a554"},"query":{},"service":"product-service","status":200,"timestamp":"2026-04-25T15:18:55.228Z","url":"/api/products/bcbc41a6-c578-4da0-b5b2-afe0e8a9a554"}
{"duration":"7366ms","level":"info","message":"HTTP Request","method":"GET","params":{"id":"bcbc41a6-c578-4da0-b5b2-afe0e8a9a554"},"query":{},"service":"product-service","status":200,"timestamp":"2026-04-25T16:43:10.655Z","url":"/api/products/bcbc41a6-c578-4da0-b5b2-afe0e8a9a554"}
{"duration":"5569ms","level":"info","message":"HTTP Request","method":"POST","params":{},"query":{},"service":"product-service","status":201,"timestamp":"2026-04-25T16:44:16.237Z","url":"/api/products/"}
{"duration":"5044ms","level":"info","message":"HTTP Request","method":"GET","params":{"id":"ec7c9e6b-7e15-485d-8e97-500957867c7c"},"query":{},"service":"product-service","status":200,"timestamp":"2026-04-25T16:44:39.066Z","url":"/api/products/ec7c9e6b-7e15-485d-8e97-500957867c7c"}
{"duration":"22ms","level":"info","message":"HTTP Request","method":"GET","params":{"id":"ec7c9e6b-7e15-485d-8e97-500957867c7c"},"query":{},"service":"product-service","status":200,"timestamp":"2026-04-25T16:44:42.884Z","url":"/api/products/ec7c9e6b-7e15-485d-8e97-500957867c7c"}
{"duration":"3703ms","level":"info","message":"HTTP Request","method":"POST","params":{},"query":{},"service":"product-service","status":201,"timestamp":"2026-04-25T16:45:17.602Z","url":"/api/products/"}
{"duration":"9348ms","level":"info","message":"HTTP Request","method":"GET","params":{"id":"f6c85229-b47b-48b1-b79a-823df2d0efec"},"query":{},"service":"product-service","status":200,"timestamp":"2026-04-25T16:45:39.973Z","url":"/api/products/f6c85229-b47b-48b1-b79a-823df2d0efec"}
{"level":"error","message":"Product slug already exists","method":"POST","path":"/api/products/","service":"product-service","stack":"Error: Product slug already exists\n    at ProductService.createProduct (file:///Users/faizan/ecommerce-microservices/product-service/dist/services/product-service.js:24:19)\n    at process.processTicksAndRejections (node:internal/process/task_queues:95:5)\n    at async file:///Users/faizan/ecommerce-microservices/product-service/dist/controllers/product-controller.js:7:25","statusCode":400,"timestamp":"2026-04-25T16:45:45.400Z"}
{"duration":"267ms","level":"info","message":"HTTP Request","method":"POST","params":{},"query":{},"service":"product-service","status":400,"timestamp":"2026-04-25T16:45:45.407Z","url":"/api/products/"}
{"level":"error","message":"Duplicate field value","method":"POST","path":"/api/products/","service":"product-service","stack":"Error: Duplicate field value\n    at mapPrismaError (file:///Users/faizan/ecommerce-microservices/product-service/dist/lib/prismaError.js:7:24)\n    at ProductRepository.createProduct (file:///Users/faizan/ecommerce-microservices/product-service/dist/repositories/product-repository.js:109:19)\n    at process.processTicksAndRejections (node:internal/process/task_queues:95:5)\n    at async ProductService.createProduct (file:///Users/faizan/ecommerce-microservices/product-service/dist/services/product-service.js:25:25)\n    at async file:///Users/faizan/ecommerce-microservices/product-service/dist/controllers/product-controller.js:7:25","statusCode":409,"timestamp":"2026-04-25T16:45:51.327Z"}
{"duration":"1308ms","level":"info","message":"HTTP Request","method":"POST","params":{},"query":{},"service":"product-service","status":409,"timestamp":"2026-04-25T16:45:51.329Z","url":"/api/products/"}
{"duration":"2697ms","level":"info","message":"HTTP Request","method":"POST","params":{},"query":{},"service":"product-service","status":201,"timestamp":"2026-04-25T16:45:58.231Z","url":"/api/products/"}
{"duration":"6374ms","level":"info","message":"HTTP Request","method":"GET","params":{"id":"1b23c331-3e7f-4f0b-9280-d1af99cda6ec"},"query":{},"service":"product-service","status":200,"timestamp":"2026-04-25T16:46:27.537Z","url":"/api/products/1b23c331-3e7f-4f0b-9280-d1af99cda6ec"}
{"duration":"2274ms","level":"info","message":"HTTP Request","method":"POST","params":{},"query":{},"service":"product-service","status":201,"timestamp":"2026-04-25T16:46:39.245Z","url":"/api/products/"}
{"duration":"4793ms","level":"info","message":"HTTP Request","method":"GET","params":{"id":"1df842e9-a525-4832-84c6-e4732ee3d75a"},"query":{},"service":"product-service","status":200,"timestamp":"2026-04-25T16:46:58.824Z","url":"/api/products/1df842e9-a525-4832-84c6-e4732ee3d75a"}
{"duration":"4469ms","level":"info","message":"HTTP Request","method":"POST","params":{},"query":{},"service":"product-service","status":201,"timestamp":"2026-04-25T16:47:18.840Z","url":"/api/products/"}
{"duration":"4006ms","level":"info","message":"HTTP Request","method":"GET","params":{"id":"d58bcc17-12a0-49da-8655-68afb13157d6"},"query":{},"service":"product-service","status":200,"timestamp":"2026-04-25T16:47:33.832Z","url":"/api/products/d58bcc17-12a0-49da-8655-68afb13157d6"}
{"level":"error","message":"Duplicate field value","method":"POST","path":"/api/products/","service":"product-service","stack":"Error: Duplicate field value\n    at mapPrismaError (file:///Users/faizan/ecommerce-microservices/product-service/dist/lib/prismaError.js:7:24)\n    at ProductRepository.createProduct (file:///Users/faizan/ecommerce-microservices/product-service/dist/repositories/product-repository.js:109:19)\n    at process.processTicksAndRejections (node:internal/process/task_queues:95:5)\n    at async ProductService.createProduct (file:///Users/faizan/ecommerce-microservices/product-service/dist/services/product-service.js:25:25)\n    at async file:///Users/faizan/ecommerce-microservices/product-service/dist/controllers/product-controller.js:7:25","statusCode":409,"timestamp":"2026-04-25T16:49:10.574Z"}
{"duration":"2863ms","level":"info","message":"HTTP Request","method":"POST","params":{},"query":{},"service":"product-service","status":409,"timestamp":"2026-04-25T16:49:10.592Z","url":"/api/products/"}
{"duration":"2293ms","level":"info","message":"HTTP Request","method":"POST","params":{},"query":{},"service":"product-service","status":201,"timestamp":"2026-04-25T16:49:15.481Z","url":"/api/products/"}
{"duration":"4094ms","level":"info","message":"HTTP Request","method":"GET","params":{"id":"b0e6852e-2a74-4e0e-945f-e930c1cca2cb"},"query":{},"service":"product-service","status":200,"timestamp":"2026-04-25T16:49:34.701Z","url":"/api/products/b0e6852e-2a74-4e0e-945f-e930c1cca2cb"}
