{"level":"info","message":"Auth service runnning at 3001","service":"Api-gateway","timestamp":"2026-03-03T07:19:43.091Z"}
{"level":"info","message":"Auth service runnning at 3001","service":"Api-gateway","timestamp":"2026-03-03T07:19:45.504Z"}
{"level":"info","message":"Auth service runnning at 3001","service":"Api-gateway","timestamp":"2026-03-04T19:05:57.988Z"}
{"level":"info","message":"Auth service runnning at 3001","service":"Api-gateway","timestamp":"2026-03-04T19:07:14.899Z"}
{"level":"info","message":"Auth service runnning at 3001","service":"Api-gateway","timestamp":"2026-03-04T19:10:01.706Z"}
{"level":"info","message":"User registration endpoint hit.","service":"Api-gateway","timestamp":"2026-03-04T19:10:08.035Z"}
{"level":"info","message":"Auth service runnning at 3001","service":"Api-gateway","timestamp":"2026-03-05T05:46:51.490Z"}
{"level":"info","message":"Auth service runnning at 3001","service":"Api-gateway","timestamp":"2026-03-05T05:47:12.929Z"}
{"level":"info","message":"Auth service runnning at 3001","service":"Api-gateway","timestamp":"2026-03-05T05:47:37.992Z"}
{"level":"info","message":"Auth service runnning at 3001","service":"Api-gateway","timestamp":"2026-03-05T05:47:52.848Z"}
{"level":"info","message":"Auth service runnning at 3001","service":"Api-gateway","timestamp":"2026-03-05T05:48:15.949Z"}
{"level":"info","message":"Auth service runnning at 3001","service":"Api-gateway","timestamp":"2026-03-05T05:49:39.425Z"}
{"level":"info","message":"User registration endpoint hit.","service":"Api-gateway","timestamp":"2026-03-05T05:49:48.420Z"}
{"level":"error","message":"User with these credentials already exists","service":"Api-gateway","timestamp":"2026-03-05T05:49:51.272Z"}
{"error":{},"level":"error","message":"Error occured while user registration","service":"Api-gateway","timestamp":"2026-03-05T05:49:51.273Z"}
{"level":"info","message":"Auth service runnning at 3001","service":"Api-gateway","timestamp":"2026-03-05T05:51:39.767Z"}
{"level":"info","message":"User registration endpoint hit.","service":"Api-gateway","timestamp":"2026-03-05T05:51:51.558Z"}
{"level":"error","message":"User with these credentials already exists","service":"Api-gateway","timestamp":"2026-03-05T05:51:53.452Z"}
{"level":"info","message":"User registration endpoint hit.","service":"Api-gateway","timestamp":"2026-03-05T05:51:55.619Z"}
{"level":"error","message":"User with these credentials already exists","service":"Api-gateway","timestamp":"2026-03-05T05:51:55.851Z"}
{"level":"info","message":"User registration endpoint hit.","service":"Api-gateway","timestamp":"2026-03-05T05:52:35.012Z"}
{"level":"info","message":"Tokens generated for user cmmd1twk20000qignn0ow6r5l","service":"Api-gateway","timestamp":"2026-03-05T05:52:37.085Z"}
{"level":"info","message":"Auth service runnning at 3001","service":"Api-gateway","timestamp":"2026-03-05T05:54:24.986Z"}
{"level":"info","message":"Auth service runnning at 3001","service":"Api-gateway","timestamp":"2026-03-05T05:56:34.614Z"}
{"level":"info","message":"Auth service runnning at 3001","service":"Api-gateway","timestamp":"2026-03-05T05:58:33.588Z"}
{"level":"info","message":"Auth service runnning at 3001","service":"Api-gateway","timestamp":"2026-03-05T05:59:10.555Z"}
{"level":"info","message":"Auth service runnning at 3001","service":"Api-gateway","timestamp":"2026-03-05T06:02:12.046Z"}
{"level":"info","message":"Auth service runnning at 3001","service":"Api-gateway","timestamp":"2026-03-05T06:02:47.175Z"}
{"level":"info","message":"Auth service runnning at 3001","service":"Api-gateway","timestamp":"2026-03-05T06:03:39.830Z"}
{"level":"info","message":"Auth service runnning at 3001","service":"Api-gateway","timestamp":"2026-03-05T06:04:36.601Z"}
{"level":"info","message":"Auth service runnning at 3001","service":"Api-gateway","timestamp":"2026-03-05T06:11:18.017Z"}
{"level":"info","message":"Auth service runnning at 3001","service":"Api-gateway","timestamp":"2026-03-05T06:12:07.965Z"}
{"level":"info","message":"Auth service runnning at 3001","service":"Api-gateway","timestamp":"2026-03-05T06:12:12.814Z"}
{"level":"info","message":"Auth service runnning at 3001","service":"Api-gateway","timestamp":"2026-03-05T06:12:49.419Z"}
{"level":"info","message":"Auth service runnning at 3001","service":"Api-gateway","timestamp":"2026-03-05T06:13:19.671Z"}
{"level":"info","message":"Auth service runnning at 3001","service":"Api-gateway","timestamp":"2026-03-05T06:13:51.764Z"}
{"level":"info","message":"Auth service runnning at 3001","service":"Api-gateway","timestamp":"2026-03-05T06:13:59.953Z"}
{"level":"info","message":"Auth service runnning at 3001","service":"Api-gateway","timestamp":"2026-03-05T06:14:21.809Z"}
{"level":"info","message":"Auth service runnning at 3001","service":"Api-gateway","timestamp":"2026-03-05T06:14:56.665Z"}
{"level":"info","message":"Auth service runnning at 3001","service":"Api-gateway","timestamp":"2026-03-05T06:15:31.870Z"}
{"level":"info","message":"Auth service runnning at 3001","service":"Api-gateway","timestamp":"2026-03-05T06:15:42.522Z"}
{"level":"info","message":"Auth service runnning at 3001","service":"Api-gateway","timestamp":"2026-03-05T06:17:40.801Z"}
{"level":"info","message":"Auth service runnning at 3001","service":"Api-gateway","timestamp":"2026-03-05T06:17:52.800Z"}
{"level":"info","message":"Auth service runnning at 3001","service":"Api-gateway","timestamp":"2026-03-05T06:18:52.759Z"}
{"level":"info","message":"Auth service runnning at 3001","service":"Api-gateway","timestamp":"2026-03-05T06:19:13.321Z"}
{"level":"info","message":"Auth service runnning at 3001","service":"Api-gateway","timestamp":"2026-03-05T06:21:11.072Z"}
{"level":"info","message":"Auth service runnning at 3001","service":"Api-gateway","timestamp":"2026-03-05T06:21:24.081Z"}
{"level":"info","message":"Auth service runnning at 3001","service":"Api-gateway","timestamp":"2026-03-05T06:21:31.995Z"}
{"level":"info","message":"Auth service runnning at 3001","service":"Api-gateway","timestamp":"2026-03-05T06:22:51.777Z"}
{"level":"info","message":"Auth service runnning at 3001","service":"Api-gateway","timestamp":"2026-03-05T06:23:21.325Z"}
{"level":"info","message":"Auth service runnning at 3001","service":"Api-gateway","timestamp":"2026-03-05T06:28:36.404Z"}
{"level":"info","message":"Auth service runnning at 3001","service":"Api-gateway","timestamp":"2026-03-05T06:29:05.564Z"}
{"level":"info","message":"Auth service runnning at 3001","service":"Api-gateway","timestamp":"2026-03-05T06:30:00.403Z"}
{"level":"info","message":"Auth service runnning at 3001","service":"Api-gateway","timestamp":"2026-03-05T06:30:36.492Z"}
{"level":"info","message":"Auth service runnning at 3001","service":"Api-gateway","timestamp":"2026-03-05T06:33:09.395Z"}
{"level":"info","message":"Auth service runnning at 3001","service":"Api-gateway","timestamp":"2026-03-05T06:50:50.359Z"}
{"level":"info","message":"Auth service runnning at 3001","service":"Api-gateway","timestamp":"2026-03-05T06:51:54.616Z"}
{"level":"info","message":"Auth service runnning at 3001","service":"Api-gateway","timestamp":"2026-03-05T06:52:18.227Z"}
{"level":"info","message":"Auth service runnning at 3001","service":"Api-gateway","timestamp":"2026-03-05T07:17:45.660Z"}
{"level":"info","message":"Auth service runnning at 3001","service":"Api-gateway","timestamp":"2026-03-05T07:17:50.057Z"}
{"level":"info","message":"Auth service runnning at 3001","service":"Api-gateway","timestamp":"2026-03-05T07:20:30.568Z"}
{"level":"info","message":"Auth service runnning at 3001","service":"Api-gateway","timestamp":"2026-03-05T07:23:39.858Z"}
{"level":"info","message":"Auth service runnning at 3001","service":"Api-gateway","timestamp":"2026-03-05T07:25:13.462Z"}
{"level":"info","message":"Auth service runnning at 3001","service":"Api-gateway","timestamp":"2026-03-05T07:27:40.824Z"}
{"level":"info","message":"Auth service runnning at 3001","service":"Api-gateway","timestamp":"2026-03-05T07:28:56.671Z"}
{"level":"info","message":"Auth service runnning at 3001","service":"Api-gateway","timestamp":"2026-03-05T07:30:11.180Z"}
{"level":"info","message":"Auth service runnning at 3001","service":"Api-gateway","timestamp":"2026-03-05T07:33:41.150Z"}
{"level":"info","message":"Auth service runnning at 3001","service":"Api-gateway","timestamp":"2026-03-05T07:33:57.574Z"}
{"level":"info","message":"Auth service runnning at 3001","service":"Api-gateway","timestamp":"2026-03-05T07:34:15.130Z"}
{"level":"info","message":"Auth service runnning at 3001","service":"Api-gateway","timestamp":"2026-03-05T07:34:25.777Z"}
{"level":"info","message":"Auth service runnning at 3001","service":"Api-gateway","timestamp":"2026-03-05T07:37:28.086Z"}
{"level":"info","message":"Auth service runnning at 3001","service":"Api-gateway","timestamp":"2026-03-05T07:38:53.451Z"}
{"level":"info","message":"User registration endpoint hit.","service":"Api-gateway","timestamp":"2026-03-05T07:39:34.939Z"}
{"_original":{"email":"frog1gfnfdmndmf7male@gmail.com","password":"meowmeow","username":"mebrfnenbndmsdmwlowmeow"},"details":[{"context":{"key":"username","label":"username","limit":20,"value":"mebrfnenbndmsdmwlowmeow"},"message":"\"username\" length must be less than or equal to 20 characters long","path":["username"],"type":"string.max"}],"level":"warn","message":"Validation error \"username\" length must be less than or equal to 20 characters long","service":"Api-gateway","stack":"ValidationError: \"username\" length must be less than or equal to 20 characters long","timestamp":"2026-03-05T07:39:34.944Z"}
{"level":"info","message":"Auth service runnning at 3001","service":"Api-gateway","timestamp":"2026-03-05T07:41:08.490Z"}
{"level":"info","message":"User registration endpoint hit.","service":"Api-gateway","timestamp":"2026-03-05T07:41:16.460Z"}
{"error":{"clientVersion":"7.4.2","code":"P2000","meta":{"driverAdapterError":{"cause":{"kind":"LengthMismatch","originalCode":"22001","originalMessage":"value too long for type character varying(20)"},"name":"DriverAdapterError"},"modelName":"User"},"name":"PrismaClientKnownRequestError"},"level":"error","message":"Error occured while user registration","service":"Api-gateway","timestamp":"2026-03-05T07:41:19.856Z"}
{"level":"info","message":"Auth service runnning at 3001","service":"Api-gateway","timestamp":"2026-03-05T08:23:18.925Z"}
{"level":"info","message":"User registration endpoint hit.","service":"Api-gateway","timestamp":"2026-03-05T08:23:47.714Z"}
{"level":"info","message":"Tokens generated for user cmmd78dvp0000s6gn4nia6fxf","service":"Api-gateway","timestamp":"2026-03-05T08:23:50.841Z"}
{"level":"warn","message":"User login input is not according to schema ValidationError: \"email\" must be a valid email","service":"Api-gateway","timestamp":"2026-03-05T08:27:47.522Z"}
{"level":"info","message":"Auth service runnning at 3001","service":"Api-gateway","timestamp":"2026-03-05T08:28:34.615Z"}
{"level":"warn","message":"User login input is not according to schema ValidationError: \"email\" must be a valid email","service":"Api-gateway","timestamp":"2026-03-05T08:28:42.189Z"}
{"level":"info","message":"Auth service runnning at 3001","service":"Api-gateway","timestamp":"2026-03-05T08:30:32.977Z"}
{"level":"info","message":"User registration endpoint hit.","service":"Api-gateway","timestamp":"2026-03-05T08:31:07.485Z"}
{"level":"info","message":"Tokens generated for user cmmd7htcj0000z2gnnexh5zls","service":"Api-gateway","timestamp":"2026-03-05T08:31:10.799Z"}
{"level":"info","message":"Auth service runnning at 3001","service":"Api-gateway","timestamp":"2026-03-05T08:32:03.170Z"}
{"level":"warn","message":"User login input is not according to schema ValidationError: \"username\" is not allowed","service":"Api-gateway","timestamp":"2026-03-05T08:32:54.875Z"}
{"level":"info","message":"Tokens generated for user cmmd7htcj0000z2gnnexh5zls","service":"Api-gateway","timestamp":"2026-03-05T08:33:09.803Z"}
{"level":"info","message":"Tokens generated for user cmmd7htcj0000z2gnnexh5zls","service":"Api-gateway","timestamp":"2026-03-05T08:35:46.340Z"}
{"level":"info","message":"Auth service runnning at 3001","service":"Api-gateway","timestamp":"2026-03-05T08:37:12.853Z"}
{"level":"info","message":"Tokens generated for user cmmd7htcj0000z2gnnexh5zls","service":"Api-gateway","timestamp":"2026-03-05T08:37:17.726Z"}
{"level":"info","message":"Tokens generated for user cmmd7htcj0000z2gnnexh5zls","service":"Api-gateway","timestamp":"2026-03-05T08:37:22.837Z"}
{"level":"info","message":"Tokens generated for user cmmd7htcj0000z2gnnexh5zls","service":"Api-gateway","timestamp":"2026-03-05T08:37:28.344Z"}
{"level":"info","message":"Auth service runnning at 3001","service":"Api-gateway","timestamp":"2026-03-05T09:50:11.509Z"}
{"level":"info","message":"Auth service runnning at 3001","service":"Api-gateway","timestamp":"2026-03-05T09:54:42.981Z"}
{"level":"info","message":"Auth service runnning at 3001","service":"Api-gateway","timestamp":"2026-03-05T09:56:31.435Z"}
{"level":"info","message":"Auth service runnning at 3001","service":"Api-gateway","timestamp":"2026-03-05T09:57:05.151Z"}
{"level":"info","message":"Auth service runnning at 3001","service":"Api-gateway","timestamp":"2026-03-05T09:59:15.929Z"}
{"level":"info","message":"Auth service runnning at 3001","service":"Api-gateway","timestamp":"2026-03-05T10:01:01.217Z"}
{"level":"info","message":"Auth service runnning at 3001","service":"Api-gateway","timestamp":"2026-03-05T10:02:08.525Z"}
{"level":"info","message":"Auth service runnning at 3001","service":"Api-gateway","timestamp":"2026-03-05T10:02:33.397Z"}
{"level":"info","message":"Auth service runnning at 3001","service":"Api-gateway","timestamp":"2026-03-05T10:05:09.052Z"}
{"level":"info","message":"Auth service runnning at 3001","service":"Api-gateway","timestamp":"2026-03-05T10:09:42.867Z"}
{"level":"info","message":"Auth service runnning at 3001","service":"Api-gateway","timestamp":"2026-03-05T10:12:09.268Z"}
{"level":"info","message":"Auth service runnning at 3001","service":"Api-gateway","timestamp":"2026-03-05T10:13:20.983Z"}
{"level":"info","message":"Auth service runnning at 3001","service":"Api-gateway","timestamp":"2026-03-05T10:13:29.178Z"}
{"level":"info","message":"Auth service runnning at 3001","service":"Api-gateway","timestamp":"2026-03-05T10:13:46.630Z"}
{"level":"info","message":"Auth service runnning at 3001","service":"Api-gateway","timestamp":"2026-03-05T10:16:10.682Z"}
{"level":"info","message":"Auth service runnning at 3001","service":"Api-gateway","timestamp":"2026-03-16T09:51:38.039Z"}
{"level":"info","message":"Auth service runnning at 3001","service":"Api-gateway","timestamp":"2026-03-16T09:51:44.418Z"}
{"level":"info","message":"Redis connected","service":"Api-gateway","timestamp":"2026-03-16T09:51:46.504Z"}
{"level":"info","message":"Auth service runnning at 3001","service":"Api-gateway","timestamp":"2026-03-16T09:51:46.537Z"}
{"level":"info","message":"Redis connected","service":"Api-gateway","timestamp":"2026-03-16T10:05:17.091Z"}
{"level":"info","message":"Auth service runnning at 3001","service":"Api-gateway","timestamp":"2026-03-16T10:05:17.133Z"}
{"level":"info","message":"Redis connected","service":"Api-gateway","timestamp":"2026-03-16T10:05:22.502Z"}
{"level":"info","message":"Redis connected","service":"Api-gateway","timestamp":"2026-03-16T10:05:23.560Z"}
{"level":"info","message":"Auth service runnning at 3001","service":"Api-gateway","timestamp":"2026-03-16T10:05:23.582Z"}
{"level":"info","message":"User registration endpoint hit.","service":"Api-gateway","timestamp":"2026-03-16T10:06:47.212Z"}
{"level":"error","message":"User with these credentials already exists: frog17male@gmail.com","service":"Api-gateway","timestamp":"2026-03-16T10:06:50.478Z"}
{"level":"info","message":"User registration endpoint hit.","service":"Api-gateway","timestamp":"2026-03-16T10:08:24.833Z"}
{"error":{"clientVersion":"7.4.2","code":"P2002","meta":{"driverAdapterError":{"cause":{"constraint":{"fields":["username"]},"kind":"UniqueConstraintViolation","originalCode":"23505","originalMessage":"duplicate key value violates unique constraint \"users_username_key\""},"name":"DriverAdapterError"},"modelName":"User"},"name":"PrismaClientKnownRequestError"},"level":"error","message":"Error occured while user registration","service":"Api-gateway","timestamp":"2026-03-16T10:08:27.590Z"}
{"level":"info","message":"User registration endpoint hit.","service":"Api-gateway","timestamp":"2026-03-16T10:09:02.772Z"}
{"level":"info","message":"Tokens generated for user cmmt0u3bj0001gsgnriw3jw1r","service":"Api-gateway","timestamp":"2026-03-16T10:09:05.076Z"}
{"level":"info","message":"Redis connected","service":"Api-gateway","timestamp":"2026-03-16T10:21:50.515Z"}
{"level":"info","message":"Auth service runnning at 3001","service":"Api-gateway","timestamp":"2026-03-16T10:21:50.545Z"}
{"level":"info","message":"Redis connected","service":"Api-gateway","timestamp":"2026-03-16T10:21:56.963Z"}
{"level":"info","message":"Auth service runnning at 3001","service":"Api-gateway","timestamp":"2026-03-16T10:21:56.986Z"}
{"level":"info","message":"User registration endpoint hit.","service":"Api-gateway","timestamp":"2026-03-16T10:22:07.868Z"}
{"error":{"clientVersion":"7.4.2","code":"P1001","meta":{"driverAdapterError":{"cause":{"host":"ep-billowing-base-aixzelz6-pooler.c-4.us-east-1.aws.neon.tech","kind":"DatabaseNotReachable"},"name":"DriverAdapterError"},"modelName":"User"},"name":"PrismaClientKnownRequestError"},"level":"error","message":"Error occured while user registration","service":"Api-gateway","timestamp":"2026-03-16T10:22:13.163Z"}
{"level":"info","message":"User registration endpoint hit.","service":"Api-gateway","timestamp":"2026-03-16T10:22:27.399Z"}
{"error":{"clientVersion":"7.4.2","code":"P1001","meta":{"driverAdapterError":{"cause":{"host":"ep-billowing-base-aixzelz6-pooler.c-4.us-east-1.aws.neon.tech","kind":"DatabaseNotReachable"},"name":"DriverAdapterError"},"modelName":"User"},"name":"PrismaClientKnownRequestError"},"level":"error","message":"Error occured while user registration","service":"Api-gateway","timestamp":"2026-03-16T10:22:27.447Z"}
{"level":"info","message":"Redis connected","service":"Api-gateway","timestamp":"2026-03-16T10:23:02.052Z"}
{"level":"info","message":"Auth service runnning at 3001","service":"Api-gateway","timestamp":"2026-03-16T10:23:02.075Z"}
{"level":"info","message":"Redis connected","service":"Api-gateway","timestamp":"2026-03-16T10:23:09.446Z"}
{"level":"info","message":"Auth service runnning at 3001","service":"Api-gateway","timestamp":"2026-03-16T10:23:09.467Z"}
{"level":"info","message":"User registration endpoint hit.","service":"Api-gateway","timestamp":"2026-03-16T10:24:23.691Z"}
{"level":"info","message":"Tokens generated for user cmmt1dzav00007sgn9w97henb","service":"Api-gateway","timestamp":"2026-03-16T10:24:37.242Z"}
{"level":"info","message":"Redis connected","service":"Api-gateway","timestamp":"2026-03-16T18:38:55.308Z"}
{"level":"info","message":"Auth service runnning at 3001","service":"Api-gateway","timestamp":"2026-03-16T18:38:55.332Z"}
{"level":"info","message":"Redis connected","service":"Api-gateway","timestamp":"2026-03-16T18:39:51.927Z"}
{"level":"info","message":"Auth service runnning at 3001","service":"Api-gateway","timestamp":"2026-03-16T18:39:51.950Z"}
{"level":"info","message":"Redis connected","service":"Api-gateway","timestamp":"2026-03-16T18:40:51.886Z"}
{"level":"info","message":"Auth service runnning at 3001","service":"Api-gateway","timestamp":"2026-03-16T18:40:51.916Z"}
{"level":"info","message":"Redis connected","service":"Api-gateway","timestamp":"2026-03-16T18:41:56.156Z"}
{"level":"info","message":"Auth service runnning at 3001","service":"Api-gateway","timestamp":"2026-03-16T18:41:56.180Z"}
{"level":"info","message":"Redis connected","service":"Api-gateway","timestamp":"2026-03-16T18:42:46.977Z"}
{"level":"info","message":"Auth service runnning at 3001","service":"Api-gateway","timestamp":"2026-03-16T18:42:47.000Z"}
{"level":"info","message":"Redis connected","service":"Api-gateway","timestamp":"2026-03-16T18:43:33.560Z"}
{"level":"info","message":"Auth service runnning at 3001","service":"Api-gateway","timestamp":"2026-03-16T18:43:33.576Z"}
{"level":"info","message":"Redis connected","service":"Api-gateway","timestamp":"2026-03-16T18:43:36.968Z"}
{"level":"info","message":"Auth service runnning at 3001","service":"Api-gateway","timestamp":"2026-03-16T18:43:36.989Z"}
{"level":"info","message":"Redis connected","service":"Api-gateway","timestamp":"2026-03-16T18:44:22.899Z"}
{"level":"info","message":"Auth service runnning at 3001","service":"Api-gateway","timestamp":"2026-03-16T18:44:22.937Z"}
{"level":"info","message":"Redis connected","service":"Api-gateway","timestamp":"2026-03-16T18:45:13.488Z"}
{"level":"info","message":"Auth service runnning at 3001","service":"Api-gateway","timestamp":"2026-03-16T18:45:13.512Z"}
{"level":"info","message":"Redis connected","service":"Api-gateway","timestamp":"2026-03-16T18:45:19.229Z"}
{"level":"info","message":"Auth service runnning at 3001","service":"Api-gateway","timestamp":"2026-03-16T18:45:19.252Z"}
{"level":"info","message":"Redis connected","service":"Api-gateway","timestamp":"2026-03-16T18:45:22.133Z"}
{"level":"info","message":"Auth service runnning at 3001","service":"Api-gateway","timestamp":"2026-03-16T18:45:22.157Z"}
{"level":"info","message":"Redis connected","service":"Api-gateway","timestamp":"2026-03-16T18:45:26.790Z"}
{"level":"info","message":"Auth service runnning at 3001","service":"Api-gateway","timestamp":"2026-03-16T18:45:26.812Z"}
{"level":"info","message":"Redis connected","service":"Api-gateway","timestamp":"2026-03-16T18:45:44.559Z"}
{"level":"info","message":"Auth service runnning at 3001","service":"Api-gateway","timestamp":"2026-03-16T18:45:44.581Z"}
{"level":"info","message":"Redis connected","service":"Api-gateway","timestamp":"2026-03-16T18:45:57.936Z"}
{"level":"info","message":"Auth service runnning at 3001","service":"Api-gateway","timestamp":"2026-03-16T18:45:57.958Z"}
{"level":"info","message":"Redis connected","service":"Api-gateway","timestamp":"2026-03-16T18:46:35.559Z"}
{"level":"info","message":"Auth service runnning at 3001","service":"Api-gateway","timestamp":"2026-03-16T18:46:35.579Z"}
{"level":"info","message":"User registration endpoint hit.","service":"Api-gateway","timestamp":"2026-03-16T18:46:57.638Z"}
{"level":"error","message":"User with these credentials already exists: 25020020094@skt.umt.edu.pk","service":"Api-gateway","timestamp":"2026-03-16T18:47:00.179Z"}
{"level":"info","message":"Redis connected","service":"Api-gateway","timestamp":"2026-03-16T18:52:39.370Z"}
{"level":"info","message":"Auth service runnning at 3001","service":"Api-gateway","timestamp":"2026-03-16T18:52:39.397Z"}
{"level":"info","message":"Redis connected","service":"Api-gateway","timestamp":"2026-03-16T18:54:31.436Z"}
{"level":"info","message":"Auth service runnning at 3001","service":"Api-gateway","timestamp":"2026-03-16T18:54:31.456Z"}
{"level":"info","message":"Redis connected","service":"Api-gateway","timestamp":"2026-03-16T18:55:12.802Z"}
{"level":"info","message":"Auth service runnning at 3001","service":"Api-gateway","timestamp":"2026-03-16T18:55:12.834Z"}
{"level":"info","message":"Redis connected","service":"Api-gateway","timestamp":"2026-03-16T18:55:15.901Z"}
{"level":"info","message":"Auth service runnning at 3001","service":"Api-gateway","timestamp":"2026-03-16T18:55:15.918Z"}
{"level":"info","message":"Redis connected","service":"Api-gateway","timestamp":"2026-03-16T18:55:31.151Z"}
{"level":"info","message":"Auth service runnning at 3001","service":"Api-gateway","timestamp":"2026-03-16T18:55:31.200Z"}
{"level":"info","message":"Redis connected","service":"Api-gateway","timestamp":"2026-03-16T18:55:50.299Z"}
{"level":"info","message":"Auth service runnning at 3001","service":"Api-gateway","timestamp":"2026-03-16T18:55:50.336Z"}
{"level":"info","message":"Redis connected","service":"Api-gateway","timestamp":"2026-03-16T18:57:02.475Z"}
{"level":"info","message":"Auth service runnning at 3001","service":"Api-gateway","timestamp":"2026-03-16T18:57:02.505Z"}
{"level":"info","message":"Redis connected","service":"Api-gateway","timestamp":"2026-03-16T18:57:41.458Z"}
{"level":"info","message":"Auth service runnning at 3001","service":"Api-gateway","timestamp":"2026-03-16T18:57:41.483Z"}
{"level":"info","message":"Redis connected","service":"Api-gateway","timestamp":"2026-03-16T18:57:45.432Z"}
{"level":"info","message":"Auth service runnning at 3001","service":"Api-gateway","timestamp":"2026-03-16T18:57:45.465Z"}
{"level":"info","message":"User registration endpoint hit.","service":"Api-gateway","timestamp":"2026-03-16T18:58:23.360Z"}
{"level":"info","message":"Redis connected","service":"Api-gateway","timestamp":"2026-03-16T19:03:44.655Z"}
{"level":"info","message":"Auth service runnning at 3001","service":"Api-gateway","timestamp":"2026-03-16T19:03:44.673Z"}
{"level":"warn","message":"Invalid OTP attempt for user: frog17male@gmail.com","service":"Api-gateway","timestamp":"2026-03-16T19:04:44.158Z"}
{"body":"{\n    \"email\":\"frog17male@gmail.com\",\n}","expose":true,"level":"error","message":"Expected double-quoted property name in JSON at position 38","service":"Api-gateway","stack":"SyntaxError: Expected double-quoted property name in JSON at position 38\n    at JSON.parse (<anonymous>)\n    at parse (/Users/faizan/ecommerce-microservices/auth-service/node_modules/body-parser/lib/types/json.js:72:19)\n    at /Users/faizan/ecommerce-microservices/auth-service/node_modules/body-parser/lib/read.js:162:18\n    at AsyncResource.runInAsyncScope (node:async_hooks:206:9)\n    at invokeCallback (/Users/faizan/ecommerce-microservices/auth-service/node_modules/raw-body/index.js:238:16)\n    at done (/Users/faizan/ecommerce-microservices/auth-service/node_modules/raw-body/index.js:227:7)\n    at IncomingMessage.onEnd (/Users/faizan/ecommerce-microservices/auth-service/node_modules/raw-body/index.js:287:7)\n    at IncomingMessage.emit (node:events:524:28)\n    at endReadableNT (node:internal/streams/readable:1698:12)\n    at process.processTicksAndRejections (node:internal/process/task_queues:82:21)","status":400,"statusCode":400,"timestamp":"2026-03-16T19:08:06.205Z","type":"entity.parse.failed"}
{"level":"info","message":"Redis connected","service":"Api-gateway","timestamp":"2026-03-16T19:08:43.371Z"}
{"level":"info","message":"Auth service runnning at 3001","service":"Api-gateway","timestamp":"2026-03-16T19:08:43.386Z"}
{"level":"info","message":"Redis connected","service":"Api-gateway","timestamp":"2026-03-16T19:13:15.688Z"}
{"level":"info","message":"Auth service runnning at 3001","service":"Api-gateway","timestamp":"2026-03-16T19:13:15.719Z"}
{"level":"info","message":"Redis connected","service":"Api-gateway","timestamp":"2026-03-16T19:13:57.835Z"}
{"level":"info","message":"Auth service runnning at 3001","service":"Api-gateway","timestamp":"2026-03-16T19:13:57.884Z"}
{"err":{"clientVersion":"7.4.2","code":"P2025","meta":{"modelName":"User","operation":"an update"},"name":"PrismaClientKnownRequestError"},"level":"error","message":"OTP verification error","service":"Api-gateway","timestamp":"2026-03-16T19:14:56.348Z"}
{"level":"info","message":"Redis connected","service":"Api-gateway","timestamp":"2026-03-16T19:16:23.520Z"}
{"level":"info","message":"Auth service runnning at 3001","service":"Api-gateway","timestamp":"2026-03-16T19:16:23.541Z"}
{"level":"info","message":"Tokens generated for user cmmtjqugv0000vsgnt8orrdzc","service":"Api-gateway","timestamp":"2026-03-16T19:17:18.507Z"}
{"level":"info","message":"Redis connected","service":"Api-gateway","timestamp":"2026-03-16T19:19:33.822Z"}
{"level":"info","message":"Auth service runnning at 3001","service":"Api-gateway","timestamp":"2026-03-16T19:19:33.846Z"}
{"level":"info","message":"Redis connected","service":"Api-gateway","timestamp":"2026-03-17T11:45:15.933Z"}
{"level":"info","message":"Auth service runnning at 3001","service":"Api-gateway","timestamp":"2026-03-17T11:45:15.955Z"}
{"level":"info","message":"Redis connected","service":"Api-gateway","timestamp":"2026-03-17T11:45:23.473Z"}
{"level":"info","message":"Auth service runnning at 3001","service":"Api-gateway","timestamp":"2026-03-17T11:45:23.492Z"}
{"level":"info","message":"Redis connected","service":"Api-gateway","timestamp":"2026-03-17T11:47:29.894Z"}
{"level":"info","message":"Auth service runnning at 3001","service":"Api-gateway","timestamp":"2026-03-17T11:47:29.923Z"}
{"level":"info","message":"Redis connected","service":"Api-gateway","timestamp":"2026-03-17T11:48:42.849Z"}
{"level":"info","message":"Auth service runnning at 3001","service":"Api-gateway","timestamp":"2026-03-17T11:48:42.872Z"}
{"level":"info","message":"Redis connected","service":"Api-gateway","timestamp":"2026-03-17T11:49:24.996Z"}
{"level":"info","message":"Auth service runnning at 3001","service":"Api-gateway","timestamp":"2026-03-17T11:49:25.025Z"}
{"level":"info","message":"Redis connected","service":"Api-gateway","timestamp":"2026-03-17T11:51:05.581Z"}
{"level":"info","message":"Auth service runnning at 3001","service":"Api-gateway","timestamp":"2026-03-17T11:51:05.599Z"}
{"level":"info","message":"Redis connected","service":"Api-gateway","timestamp":"2026-03-17T11:54:33.115Z"}
{"level":"info","message":"Auth service runnning at 3001","service":"Api-gateway","timestamp":"2026-03-17T11:54:33.132Z"}
{"level":"info","message":"Redis connected","service":"Api-gateway","timestamp":"2026-03-17T11:55:00.951Z"}
{"level":"info","message":"Auth service runnning at 3001","service":"Api-gateway","timestamp":"2026-03-17T11:55:00.985Z"}
{"level":"info","message":"Redis connected","service":"Api-gateway","timestamp":"2026-03-17T11:57:00.085Z"}
{"level":"info","message":"Auth service runnning at 3001","service":"Api-gateway","timestamp":"2026-03-17T11:57:00.124Z"}
{"level":"info","message":"Redis connected","service":"Api-gateway","timestamp":"2026-03-17T11:57:32.525Z"}
{"level":"info","message":"Auth service runnning at 3001","service":"Api-gateway","timestamp":"2026-03-17T11:57:32.541Z"}
{"level":"info","message":"Redis connected","service":"Api-gateway","timestamp":"2026-03-17T11:58:12.267Z"}
{"level":"info","message":"Auth service runnning at 3001","service":"Api-gateway","timestamp":"2026-03-17T11:58:12.306Z"}
{"level":"info","message":"Redis connected","service":"Api-gateway","timestamp":"2026-03-17T11:58:36.534Z"}
{"level":"info","message":"Auth service runnning at 3001","service":"Api-gateway","timestamp":"2026-03-17T11:58:36.558Z"}
{"level":"info","message":"Redis connected","service":"Api-gateway","timestamp":"2026-03-17T12:20:23.809Z"}
{"level":"info","message":"Auth service runnning at 3001","service":"Api-gateway","timestamp":"2026-03-17T12:20:23.838Z"}
{"level":"info","message":"Redis connected","service":"Api-gateway","timestamp":"2026-03-17T12:22:22.150Z"}
{"level":"info","message":"Auth service runnning at 3001","service":"Api-gateway","timestamp":"2026-03-17T12:22:22.178Z"}
{"level":"info","message":"Redis connected","service":"Api-gateway","timestamp":"2026-03-17T12:27:10.743Z"}
{"level":"info","message":"Auth service runnning at 3001","service":"Api-gateway","timestamp":"2026-03-17T12:27:10.762Z"}
